[2020-07-11 15:59:24.031] [exthost] [info] extension host started
[2020-07-11 15:59:24.190] [exthost] [info] ExtensionService#_doActivateExtension redhat.vscode-yaml {"startup":false,"extensionId":{"value":"redhat.vscode-yaml","_lower":"redhat.vscode-yaml"},"activationEvent":"onLanguage:yaml"}
[2020-07-11 15:59:24.191] [exthost] [info] ExtensionService#loadCommonJSModule file:///home/trandat/.vscode/extensions/redhat.vscode-yaml-0.8.0/out/src/extension
[2020-07-11 15:59:24.315] [exthost] [info] ExtensionService#_doActivateExtension vscode.debug-auto-launch {"startup":true,"extensionId":{"value":"vscode.debug-auto-launch","_lower":"vscode.debug-auto-launch"},"activationEvent":"*"}
[2020-07-11 15:59:24.315] [exthost] [info] ExtensionService#loadCommonJSModule file:///usr/share/code/resources/app/extensions/debug-auto-launch/dist/extension
[2020-07-11 15:59:24.321] [exthost] [info] ExtensionService#_doActivateExtension vscode.emmet {"startup":true,"extensionId":{"value":"vscode.emmet","_lower":"vscode.emmet"},"activationEvent":"*"}
[2020-07-11 15:59:24.321] [exthost] [info] ExtensionService#loadCommonJSModule file:///usr/share/code/resources/app/extensions/emmet/dist/extension
[2020-07-11 15:59:24.339] [exthost] [info] ExtensionService#_doActivateExtension vscode.git {"startup":true,"extensionId":{"value":"vscode.github","_lower":"vscode.github"},"activationEvent":"*"}
[2020-07-11 15:59:24.339] [exthost] [info] ExtensionService#loadCommonJSModule file:///usr/share/code/resources/app/extensions/git/dist/main
[2020-07-11 15:59:24.436] [exthost] [info] ExtensionService#_doActivateExtension vscode.github-authentication {"startup":true,"extensionId":{"value":"vscode.github-authentication","_lower":"vscode.github-authentication"},"activationEvent":"*"}
[2020-07-11 15:59:24.436] [exthost] [info] ExtensionService#loadCommonJSModule file:///usr/share/code/resources/app/extensions/github-authentication/dist/extension.js
[2020-07-11 15:59:24.455] [exthost] [info] ExtensionService#_doActivateExtension vscode.merge-conflict {"startup":true,"extensionId":{"value":"vscode.merge-conflict","_lower":"vscode.merge-conflict"},"activationEvent":"*"}
[2020-07-11 15:59:24.455] [exthost] [info] ExtensionService#loadCommonJSModule file:///usr/share/code/resources/app/extensions/merge-conflict/dist/extension
[2020-07-11 15:59:24.459] [exthost] [info] ExtensionService#_doActivateExtension vscode.microsoft-authentication {"startup":true,"extensionId":{"value":"vscode.microsoft-authentication","_lower":"vscode.microsoft-authentication"},"activationEvent":"*"}
[2020-07-11 15:59:24.459] [exthost] [info] ExtensionService#loadCommonJSModule file:///usr/share/code/resources/app/extensions/microsoft-authentication/dist/extension.js
[2020-07-11 15:59:24.478] [exthost] [info] ExtensionService#_doActivateExtension vscode.search-result {"startup":true,"extensionId":{"value":"vscode.search-result","_lower":"vscode.search-result"},"activationEvent":"*"}
[2020-07-11 15:59:24.478] [exthost] [info] ExtensionService#loadCommonJSModule file:///usr/share/code/resources/app/extensions/search-result/dist/extension.js
[2020-07-11 15:59:24.481] [exthost] [info] ExtensionService#_doActivateExtension CoenraadS.bracket-pair-colorizer {"startup":true,"extensionId":{"value":"CoenraadS.bracket-pair-colorizer","_lower":"coenraads.bracket-pair-colorizer"},"activationEvent":"*"}
[2020-07-11 15:59:24.481] [exthost] [info] ExtensionService#loadCommonJSModule file:///home/trandat/.vscode/extensions/coenraads.bracket-pair-colorizer-1.0.61/out/src/extension
[2020-07-11 15:59:24.515] [exthost] [info] ExtensionService#_doActivateExtension eamodio.gitlens {"startup":true,"extensionId":{"value":"eamodio.gitlens","_lower":"eamodio.gitlens"},"activationEvent":"*"}
[2020-07-11 15:59:24.515] [exthost] [info] ExtensionService#loadCommonJSModule file:///home/trandat/.vscode/extensions/eamodio.gitlens-10.2.2/dist/extension
[2020-07-11 15:59:24.627] [exthost] [info] ExtensionService#_doActivateExtension Equinusocio.vsc-material-theme {"startup":true,"extensionId":{"value":"Equinusocio.vsc-material-theme","_lower":"equinusocio.vsc-material-theme"},"activationEvent":"*"}
[2020-07-11 15:59:24.627] [exthost] [info] ExtensionService#loadCommonJSModule file:///home/trandat/.vscode/extensions/equinusocio.vsc-material-theme-32.8.0/build/material.theme.config
[2020-07-11 15:59:24.637] [exthost] [info] ExtensionService#_doActivateExtension equinusocio.vsc-material-theme-icons {"startup":true,"extensionId":{"value":"equinusocio.vsc-material-theme-icons","_lower":"equinusocio.vsc-material-theme-icons"},"activationEvent":"*"}
[2020-07-11 15:59:24.637] [exthost] [info] ExtensionService#loadCommonJSModule file:///home/trandat/.vscode/extensions/equinusocio.vsc-material-theme-icons-1.1.4/out/src/extension
[2020-07-11 15:59:24.646] [exthost] [info] ExtensionService#_doActivateExtension PKief.material-icon-theme {"startup":true,"extensionId":{"value":"PKief.material-icon-theme","_lower":"pkief.material-icon-theme"},"activationEvent":"*"}
[2020-07-11 15:59:24.646] [exthost] [info] ExtensionService#loadCommonJSModule file:///home/trandat/.vscode/extensions/pkief.material-icon-theme-4.2.0/dist/extension
[2020-07-11 15:59:24.664] [exthost] [info] ExtensionService#_doActivateExtension ritwickdey.LiveServer {"startup":true,"extensionId":{"value":"ritwickdey.LiveServer","_lower":"ritwickdey.liveserver"},"activationEvent":"*"}
[2020-07-11 15:59:24.664] [exthost] [info] ExtensionService#loadCommonJSModule file:///home/trandat/.vscode/extensions/ritwickdey.liveserver-5.6.1/out/src/extension
[2020-07-11 15:59:25.225] [exthost] [info] ExtensionService#_doActivateExtension Shan.code-settings-sync {"startup":true,"extensionId":{"value":"Shan.code-settings-sync","_lower":"shan.code-settings-sync"},"activationEvent":"*"}
[2020-07-11 15:59:25.225] [exthost] [info] ExtensionService#loadCommonJSModule file:///home/trandat/.vscode/extensions/shan.code-settings-sync-3.4.3/out/extension.js
[2020-07-11 15:59:25.306] [exthost] [info] ExtensionService#_doActivateExtension vscode-icons-team.vscode-icons {"startup":true,"extensionId":{"value":"vscode-icons-team.vscode-icons","_lower":"vscode-icons-team.vscode-icons"},"activationEvent":"*"}
[2020-07-11 15:59:25.306] [exthost] [info] ExtensionService#loadCommonJSModule file:///home/trandat/.vscode/extensions/vscode-icons-team.vscode-icons-10.1.1/dist/src/vscode-icons.bundle.js
[2020-07-11 15:59:25.332] [exthost] [info] ExtensionService#_doActivateExtension vscodevim.vim {"startup":true,"extensionId":{"value":"vscodevim.vim","_lower":"vscodevim.vim"},"activationEvent":"*"}
[2020-07-11 15:59:25.332] [exthost] [info] ExtensionService#loadCommonJSModule file:///home/trandat/.vscode/extensions/vscodevim.vim-1.14.5/out/extension
[2020-07-11 15:59:27.943] [exthost] [info] ExtensionService#_doActivateExtension vscode.github {"startup":true,"extensionId":{"value":"vscode.github","_lower":"vscode.github"},"activationEvent":"*"}
[2020-07-11 15:59:27.943] [exthost] [info] ExtensionService#loadCommonJSModule file:///usr/share/code/resources/app/extensions/github/dist/extension.js
[2020-07-11 15:59:27.959] [exthost] [info] ExtensionService#_doActivateExtension 42Crunch.vscode-openapi {"startup":true,"extensionId":{"value":"42Crunch.vscode-openapi","_lower":"42crunch.vscode-openapi"},"activationEvent":"*"}
[2020-07-11 15:59:27.959] [exthost] [info] ExtensionService#loadCommonJSModule file:///home/trandat/.vscode/extensions/42crunch.vscode-openapi-3.4.0/out/extension
[2020-07-11 15:59:28.196] [exthost] [info] eager extensions activated
[2020-07-11 16:04:19.656] [exthost] [info] ExtensionService#_doActivateExtension vscode.typescript-language-features {"startup":false,"extensionId":{"value":"vscode.typescript-language-features","_lower":"vscode.typescript-language-features"},"activationEvent":"onLanguage:javascript"}
[2020-07-11 16:04:19.656] [exthost] [info] ExtensionService#loadCommonJSModule file:///usr/share/code/resources/app/extensions/typescript-language-features/dist/extension
[2020-07-11 16:04:19.724] [exthost] [info] ExtensionService#_doActivateExtension VisualStudioExptTeam.vscodeintellicode {"startup":false,"extensionId":{"value":"VisualStudioExptTeam.vscodeintellicode","_lower":"visualstudioexptteam.vscodeintellicode"},"activationEvent":"onLanguage:javascript"}
[2020-07-11 16:04:19.724] [exthost] [info] ExtensionService#loadCommonJSModule file:///home/trandat/.vscode/extensions/visualstudioexptteam.vscodeintellicode-1.2.9/dist/intellicode
[2020-07-11 16:12:20.309] [exthost] [warning] TextEditor is closed/disposed
[2020-07-11 16:12:20.309] [exthost] [warning] TextEditor is closed/disposed
