[9643][1594735110779][main][info]["Booting Postman 7.28.0, linux-5.4.0-40-generic on x64"]
[9643][1594735110783][main][info]["EventBus~initialize - Success"]
[9643][1594735110786][main][warn]["CloudProxyManager~init: Error while reading proxy configuration from user data - ",{"errno":-2,"code":"ENOENT","syscall":"open","path":"/home/trandat/.config/Postman/Postman_Config/proxy","name":"Error","message":"ENOENT: no such file or directory, open '/home/trandat/.config/Postman/Postman_Config/proxy'","stack":"Error: ENOENT: no such file or directory, open '/home/trandat/.config/Postman/Postman_Config/proxy'"}]
[9643][1594735110787][main][info]["CloudProxyManager~init - Success"]
[9643][1594735110796][main][info]["UpdateHandler~init - Success"]
[9643][1594735110797][main][info]["RuntimeExecutionService~initialized: Success"]
[9643][1594735111008][main][info]["LinuxAutoUpdater~Cleanup - Initial cleanup successful"]
[9643][1594735111098][main][warn]["main~populateInstallationId: Failed to get installationId from appSettings but with no error"]
[9643][1594735111153][main][info]["Bootstrap-models~bootstrap - Success"]
[9643][1594735111446][main][info]["window-manager~newSharedWindow: Shell loaded"]
[9643][1594735115851][main][info]["Main~AppEvents - Received booted event for process shared"]
[9643][1594735119065][main][info]["UpdateHandler~app-update-events - Received event",{"name":"checkForElectronVersionUpdated","namespace":"appUpdate"}]
[9643][1594735119080][main][info]["Main~AppEvents - Received booted event for process requester"]
[9643][1594735737310][main][info]["WindowManager~closeHandler - Closed Window (id: 4 )"]
[9643][1594735737358][main][info]["Quitting app"]
[30324][1594779230432][main][info]["Booting Postman 7.28.0, linux-5.4.0-40-generic on x64"]
[30324][1594779230435][main][info]["EventBus~initialize - Success"]
[30324][1594779230438][main][warn]["CloudProxyManager~init: Error while reading proxy configuration from user data - ",{"errno":-2,"code":"ENOENT","syscall":"open","path":"/home/trandat/.config/Postman/Postman_Config/proxy","name":"Error","message":"ENOENT: no such file or directory, open '/home/trandat/.config/Postman/Postman_Config/proxy'","stack":"Error: ENOENT: no such file or directory, open '/home/trandat/.config/Postman/Postman_Config/proxy'"}]
[30324][1594779230440][main][info]["CloudProxyManager~init - Success"]
[30324][1594779230447][main][info]["UpdateHandler~init - Success"]
[30324][1594779230449][main][info]["RuntimeExecutionService~initialized: Success"]
[30324][1594779230672][main][info]["LinuxAutoUpdater~Cleanup - Initial cleanup successful"]
[30324][1594779230791][main][info]["Bootstrap-models~bootstrap - Success"]
[30324][1594779231240][main][info]["window-manager~newSharedWindow: Shell loaded"]
[30324][1594779234022][main][info]["Main~AppEvents - Received booted event for process shared"]
[30324][1594779237003][main][info]["UpdateHandler~app-update-events - Received event",{"name":"checkForElectronVersionUpdated","namespace":"appUpdate"}]
[30324][1594779237032][main][info]["Main~AppEvents - Received booted event for process requester"]
[30324][1594781917294][main][info]["WindowManager~closeHandler - Closed Window (id: 3 )"]
[30324][1594781917340][main][info]["Quitting app"]
[3058][1594808815231][main][info]["Booting Postman 7.28.0, linux-5.4.0-40-generic on x64"]
[3058][1594808815237][main][info]["EventBus~initialize - Success"]
[3058][1594808815241][main][warn]["CloudProxyManager~init: Error while reading proxy configuration from user data - ",{"errno":-2,"code":"ENOENT","syscall":"open","path":"/home/trandat/.config/Postman/Postman_Config/proxy","name":"Error","message":"ENOENT: no such file or directory, open '/home/trandat/.config/Postman/Postman_Config/proxy'","stack":"Error: ENOENT: no such file or directory, open '/home/trandat/.config/Postman/Postman_Config/proxy'"}]
[3058][1594808815243][main][info]["CloudProxyManager~init - Success"]
[3058][1594808815253][main][info]["UpdateHandler~init - Success"]
[3058][1594808815256][main][info]["RuntimeExecutionService~initialized: Success"]
[3058][1594808815600][main][info]["LinuxAutoUpdater~Cleanup - Initial cleanup successful"]
[3058][1594808815697][main][info]["Bootstrap-models~bootstrap - Success"]
[3058][1594808816107][main][info]["window-manager~newSharedWindow: Shell loaded"]
[3058][1594808819073][main][info]["Main~AppEvents - Received booted event for process shared"]
[3058][1594808822089][main][info]["UpdateHandler~app-update-events - Received event",{"name":"checkForElectronVersionUpdated","namespace":"appUpdate"}]
[3058][1594808822119][main][info]["Main~AppEvents - Received booted event for process requester"]
[3058][1594808850857][main][info]["WindowManager~closeHandler - Closed Window (id: 3 )"]
[3058][1594808850907][main][info]["Quitting app"]
[3353][1594808853553][main][info]["Booting Postman 7.28.0, linux-5.4.0-40-generic on x64"]
[3353][1594808853557][main][info]["EventBus~initialize - Success"]
[3353][1594808853560][main][warn]["CloudProxyManager~init: Error while reading proxy configuration from user data - ",{"errno":-2,"code":"ENOENT","syscall":"open","path":"/home/trandat/.config/Postman/Postman_Config/proxy","name":"Error","message":"ENOENT: no such file or directory, open '/home/trandat/.config/Postman/Postman_Config/proxy'","stack":"Error: ENOENT: no such file or directory, open '/home/trandat/.config/Postman/Postman_Config/proxy'"}]
[3353][1594808853561][main][info]["CloudProxyManager~init - Success"]
[3353][1594808853569][main][info]["UpdateHandler~init - Success"]
[3353][1594808853570][main][info]["RuntimeExecutionService~initialized: Success"]
[3353][1594808853812][main][info]["LinuxAutoUpdater~Cleanup - Initial cleanup successful"]
[3353][1594808853918][main][info]["Bootstrap-models~bootstrap - Success"]
[3353][1594808854196][main][info]["window-manager~newSharedWindow: Shell loaded"]
[3353][1594808857013][main][info]["Main~AppEvents - Received booted event for process shared"]
[3353][1594808860167][main][info]["UpdateHandler~app-update-events - Received event",{"name":"checkForElectronVersionUpdated","namespace":"appUpdate"}]
[3353][1594808860189][main][info]["Main~AppEvents - Received booted event for process requester"]
[3353][1594809047167][main][info]["WindowManager~closeHandler - Closed Window (id: 3 )"]
[3353][1594809047227][main][info]["Quitting app"]
[15130][1595075231671][main][info]["Booting Postman 7.28.0, linux-5.4.0-40-generic on x64"]
[15130][1595075231677][main][info]["EventBus~initialize - Success"]
[15130][1595075231681][main][warn]["CloudProxyManager~init: Error while reading proxy configuration from user data - ",{"errno":-2,"code":"ENOENT","syscall":"open","path":"/home/trandat/.config/Postman/Postman_Config/proxy","name":"Error","message":"ENOENT: no such file or directory, open '/home/trandat/.config/Postman/Postman_Config/proxy'","stack":"Error: ENOENT: no such file or directory, open '/home/trandat/.config/Postman/Postman_Config/proxy'"}]
[15130][1595075231682][main][info]["CloudProxyManager~init - Success"]
[15130][1595075231692][main][info]["UpdateHandler~init - Success"]
[15130][1595075231695][main][info]["RuntimeExecutionService~initialized: Success"]
[15130][1595075231972][main][info]["LinuxAutoUpdater~Cleanup - Initial cleanup successful"]
[15130][1595075232064][main][info]["Bootstrap-models~bootstrap - Success"]
[15130][1595075232514][main][info]["window-manager~newSharedWindow: Shell loaded"]
[15130][1595075235844][main][info]["Main~AppEvents - Received booted event for process shared"]
[15130][1595075238807][main][info]["UpdateHandler~app-update-events - Received event",{"name":"checkForElectronVersionUpdated","namespace":"appUpdate"}]
[15130][1595075238838][main][info]["Main~AppEvents - Received booted event for process requester"]
[15130][1595076099239][main][info]["Main~AppEvents - Received booted event for process runner"]
[15130][1595076111633][main][info]["WindowManager~closeHandler - Closed Window (id: 4 )"]
[15130][1595076133504][main][info]["Main~AppEvents - Received booted event for process runner"]
[15130][1595076173132][main][info]["WindowManager~closeHandler - Closed Window (id: 5 )"]
[15130][1595077238723][main][info]["WindowManager~closeHandler - Closed Window (id: 3 )"]
[15130][1595077238775][main][info]["Quitting app"]
[20096][1595146005413][main][info]["Booting Postman 7.28.0, linux-5.4.0-40-generic on x64"]
[20096][1595146005417][main][info]["EventBus~initialize - Success"]
[20096][1595146005420][main][warn]["CloudProxyManager~init: Error while reading proxy configuration from user data - ",{"errno":-2,"code":"ENOENT","syscall":"open","path":"/home/trandat/.config/Postman/Postman_Config/proxy","name":"Error","message":"ENOENT: no such file or directory, open '/home/trandat/.config/Postman/Postman_Config/proxy'","stack":"Error: ENOENT: no such file or directory, open '/home/trandat/.config/Postman/Postman_Config/proxy'"}]
[20096][1595146005421][main][info]["CloudProxyManager~init - Success"]
[20096][1595146005429][main][info]["UpdateHandler~init - Success"]
[20096][1595146005430][main][info]["RuntimeExecutionService~initialized: Success"]
[20096][1595146005656][main][info]["LinuxAutoUpdater~Cleanup - Initial cleanup successful"]
[20096][1595146005758][main][info]["Bootstrap-models~bootstrap - Success"]
[20096][1595146006229][main][info]["window-manager~newSharedWindow: Shell loaded"]
[20096][1595146009576][main][info]["Main~AppEvents - Received booted event for process shared"]
[20096][1595146012478][main][info]["UpdateHandler~app-update-events - Received event",{"name":"checkForElectronVersionUpdated","namespace":"appUpdate"}]
[20096][1595146012507][main][info]["Main~AppEvents - Received booted event for process requester"]
[20096][1595147721456][main][info]["WindowManager~closeHandler - Closed Window (id: 3 )"]
[20096][1595147721509][main][info]["Quitting app"]
[24659][1595500272341][main][info]["Booting Postman 7.28.0, linux-5.4.0-42-generic on x64"]
[24659][1595500272345][main][info]["EventBus~initialize - Success"]
[24659][1595500272349][main][warn]["CloudProxyManager~init: Error while reading proxy configuration from user data - ",{"errno":-2,"code":"ENOENT","syscall":"open","path":"/home/trandat/.config/Postman/Postman_Config/proxy","name":"Error","message":"ENOENT: no such file or directory, open '/home/trandat/.config/Postman/Postman_Config/proxy'","stack":"Error: ENOENT: no such file or directory, open '/home/trandat/.config/Postman/Postman_Config/proxy'"}]
[24659][1595500272350][main][info]["CloudProxyManager~init - Success"]
[24659][1595500272357][main][info]["UpdateHandler~init - Success"]
[24659][1595500272359][main][info]["RuntimeExecutionService~initialized: Success"]
[24659][1595500272650][main][info]["LinuxAutoUpdater~Cleanup - Initial cleanup successful"]
[24659][1595500272748][main][info]["Bootstrap-models~bootstrap - Success"]
[24659][1595500273190][main][info]["window-manager~newSharedWindow: Shell loaded"]
[24659][1595500276358][main][info]["Main~AppEvents - Received booted event for process shared"]
[24659][1595500279580][main][info]["UpdateHandler~app-update-events - Received event",{"name":"checkForElectronVersionUpdated","namespace":"appUpdate"}]
[24659][1595500279623][main][info]["Main~AppEvents - Received booted event for process requester"]
[24659][1595500290731][main][info]["UpdateHandler~app-update-events - Received event",{"data":{"additionalParamsString":"installationId=a3a4cdbe-68fe-482a-a04e-8c7da141f623&userId=10261434&syncEnabled=true&teamPlan=","appId":"a3a4cdbe-68fe-482a-a04e-8c7da141f623","arch":"64","channel":"stable","downloadURL":"https://dl.pstmn.io/download/version/7.29.0/linux_64","downloadVersion":"7.29.0","platform":"LINUX","updateServerDomain":"https://dl.pstmn.io/","userAgent":"Mozilla/5.0 (X11; Linux x86_64) AppleWebKit/537.36 (KHTML, like Gecko) Postman/7.28.0 Chrome/78.0.3904.130 Electron/7.2.3 Safari/537.36","userId":"10261434","version":"7.28.0"},"name":"updateElectron","namespace":"appUpdate"}]
[24659][1595500290732][main][info]["LinuxUpdater~downloadUpdate - UpdateInfo received",{"additionalParamsString":"installationId=a3a4cdbe-68fe-482a-a04e-8c7da141f623&userId=10261434&syncEnabled=true&teamPlan=","appId":"a3a4cdbe-68fe-482a-a04e-8c7da141f623","arch":"64","channel":"stable","downloadURL":"https://dl.pstmn.io/download/version/7.29.0/linux_64","downloadVersion":"7.29.0","platform":"LINUX","updateServerDomain":"https://dl.pstmn.io/","userAgent":"Mozilla/5.0 (X11; Linux x86_64) AppleWebKit/537.36 (KHTML, like Gecko) Postman/7.28.0 Chrome/78.0.3904.130 Electron/7.2.3 Safari/537.36","userId":"10261434","version":"7.28.0"}]
[24659][1595500291582][main][info]["@postman/app-updater: error",{"errno":-13,"code":"EACCES","syscall":"open","path":"/opt/Postman/Postman-1595500290733.tar.gz","name":"Error","message":"EACCES: permission denied, open '/opt/Postman/Postman-1595500290733.tar.gz'","stack":"Error: EACCES: permission denied, open '/opt/Postman/Postman-1595500290733.tar.gz'"},{"packageName":"Postman","eID":"Postman-1595500290733","downloadURL":"https://dl.pstmn.io/download/version/7.29.0/linux_64","downloadDirectory":"/opt/Postman","downloadInfo":{"status":"DOWNLOAD_ERROR","error":{"errno":-13,"code":"EACCES","syscall":"open","path":"/opt/Postman/Postman-1595500290733.tar.gz"},"downloadDirectory":"/opt/Postman"}}]
[24659][1595500291584][main][info]["UpdateHandler~app-update-events - Received event",{"name":"electronAppUpdateError","namespace":"appUpdate","data":{"error":{"errno":-13,"code":"EACCES","syscall":"open","path":"/opt/Postman/Postman-1595500290733.tar.gz","name":"Error","message":"EACCES: permission denied, open '/opt/Postman/Postman-1595500290733.tar.gz'","stack":"Error: EACCES: permission denied, open '/opt/Postman/Postman-1595500290733.tar.gz'"},"updateData":{"packageName":"Postman","eID":"Postman-1595500290733","downloadURL":"https://dl.pstmn.io/download/version/7.29.0/linux_64","downloadDirectory":"/opt/Postman","downloadInfo":{"status":"DOWNLOAD_ERROR","error":{"errno":-13,"code":"EACCES","syscall":"open","path":"/opt/Postman/Postman-1595500290733.tar.gz"},"downloadDirectory":"/opt/Postman"}}}}]
[24659][1595504728346][main][info]["WindowManager~closeHandler - Closed Window (id: 3 )"]
[24659][1595504728393][main][info]["Quitting app"]
[62128][1595922094866][main][info]["Booting Postman 7.28.0, linux-5.4.0-42-generic on x64"]
[62128][1595922094870][main][info]["EventBus~initialize - Success"]
[62128][1595922094872][main][warn]["CloudProxyManager~init: Error while reading proxy configuration from user data - ",{"errno":-2,"code":"ENOENT","syscall":"open","path":"/home/trandat/.config/Postman/Postman_Config/proxy","name":"Error","message":"ENOENT: no such file or directory, open '/home/trandat/.config/Postman/Postman_Config/proxy'","stack":"Error: ENOENT: no such file or directory, open '/home/trandat/.config/Postman/Postman_Config/proxy'"}]
[62128][1595922094874][main][info]["CloudProxyManager~init - Success"]
[62128][1595922094881][main][info]["UpdateHandler~init - Success"]
[62128][1595922094883][main][info]["RuntimeExecutionService~initialized: Success"]
[62128][1595922095142][main][info]["LinuxAutoUpdater~Cleanup - Initial cleanup successful"]
[62128][1595922095237][main][info]["Bootstrap-models~bootstrap - Success"]
[62128][1595922095695][main][info]["window-manager~newSharedWindow: Shell loaded"]
[62128][1595922098689][main][info]["Main~AppEvents - Received booted event for process shared"]
[62128][1595922101496][main][info]["UpdateHandler~app-update-events - Received event",{"name":"checkForElectronVersionUpdated","namespace":"appUpdate"}]
[62128][1595922101527][main][info]["Main~AppEvents - Received booted event for process requester"]
[62128][1595922112403][main][info]["UpdateHandler~app-update-events - Received event",{"data":{"additionalParamsString":"installationId=a3a4cdbe-68fe-482a-a04e-8c7da141f623&userId=10261434&syncEnabled=true&teamPlan=","appId":"a3a4cdbe-68fe-482a-a04e-8c7da141f623","arch":"64","channel":"stable","downloadURL":"https://dl.pstmn.io/download/version/7.29.1/linux_64","downloadVersion":"7.29.1","platform":"LINUX","updateServerDomain":"https://dl.pstmn.io/","userAgent":"Mozilla/5.0 (X11; Linux x86_64) AppleWebKit/537.36 (KHTML, like Gecko) Postman/7.28.0 Chrome/78.0.3904.130 Electron/7.2.3 Safari/537.36","userId":"10261434","version":"7.28.0"},"name":"updateElectron","namespace":"appUpdate"}]
[62128][1595922112404][main][info]["LinuxUpdater~downloadUpdate - UpdateInfo received",{"additionalParamsString":"installationId=a3a4cdbe-68fe-482a-a04e-8c7da141f623&userId=10261434&syncEnabled=true&teamPlan=","appId":"a3a4cdbe-68fe-482a-a04e-8c7da141f623","arch":"64","channel":"stable","downloadURL":"https://dl.pstmn.io/download/version/7.29.1/linux_64","downloadVersion":"7.29.1","platform":"LINUX","updateServerDomain":"https://dl.pstmn.io/","userAgent":"Mozilla/5.0 (X11; Linux x86_64) AppleWebKit/537.36 (KHTML, like Gecko) Postman/7.28.0 Chrome/78.0.3904.130 Electron/7.2.3 Safari/537.36","userId":"10261434","version":"7.28.0"}]
[62128][1595922113548][main][info]["@postman/app-updater: error",{"errno":-13,"code":"EACCES","syscall":"open","path":"/opt/Postman/Postman-1595922112405.tar.gz","name":"Error","message":"EACCES: permission denied, open '/opt/Postman/Postman-1595922112405.tar.gz'","stack":"Error: EACCES: permission denied, open '/opt/Postman/Postman-1595922112405.tar.gz'"},{"packageName":"Postman","eID":"Postman-1595922112405","downloadURL":"https://dl.pstmn.io/download/version/7.29.1/linux_64","downloadDirectory":"/opt/Postman","downloadInfo":{"status":"DOWNLOAD_ERROR","error":{"errno":-13,"code":"EACCES","syscall":"open","path":"/opt/Postman/Postman-1595922112405.tar.gz"},"downloadDirectory":"/opt/Postman"}}]
[62128][1595922113549][main][info]["UpdateHandler~app-update-events - Received event",{"name":"electronAppUpdateError","namespace":"appUpdate","data":{"error":{"errno":-13,"code":"EACCES","syscall":"open","path":"/opt/Postman/Postman-1595922112405.tar.gz","name":"Error","message":"EACCES: permission denied, open '/opt/Postman/Postman-1595922112405.tar.gz'","stack":"Error: EACCES: permission denied, open '/opt/Postman/Postman-1595922112405.tar.gz'"},"updateData":{"packageName":"Postman","eID":"Postman-1595922112405","downloadURL":"https://dl.pstmn.io/download/version/7.29.1/linux_64","downloadDirectory":"/opt/Postman","downloadInfo":{"status":"DOWNLOAD_ERROR","error":{"errno":-13,"code":"EACCES","syscall":"open","path":"/opt/Postman/Postman-1595922112405.tar.gz"},"downloadDirectory":"/opt/Postman"}}}}]
[62128][1595924552889][main][info]["WindowManager~closeHandler - Closed Window (id: 3 )"]
[62128][1595924552942][main][info]["Quitting app"]
[76438][1595924707832][main][info]["Booting Postman 7.28.0, linux-5.4.0-42-generic on x64"]
[76438][1595924707842][main][info]["EventBus~initialize - Success"]
[76438][1595924707846][main][warn]["CloudProxyManager~init: Error while reading proxy configuration from user data - ",{"errno":-2,"code":"ENOENT","syscall":"open","path":"/home/trandat/.config/Postman/Postman_Config/proxy","name":"Error","message":"ENOENT: no such file or directory, open '/home/trandat/.config/Postman/Postman_Config/proxy'","stack":"Error: ENOENT: no such file or directory, open '/home/trandat/.config/Postman/Postman_Config/proxy'"}]
[76438][1595924707848][main][info]["CloudProxyManager~init - Success"]
[76438][1595924707861][main][info]["UpdateHandler~init - Success"]
[76438][1595924707865][main][info]["RuntimeExecutionService~initialized: Success"]
[76438][1595924708052][main][info]["LinuxAutoUpdater~Cleanup - Initial cleanup successful"]
[76438][1595924708200][main][info]["Bootstrap-models~bootstrap - Success"]
[76438][1595924708445][main][info]["window-manager~newSharedWindow: Shell loaded"]
[76438][1595924711197][main][info]["Main~AppEvents - Received booted event for process shared"]
[76438][1595924714162][main][info]["UpdateHandler~app-update-events - Received event",{"name":"checkForElectronVersionUpdated","namespace":"appUpdate"}]
[76438][1595924714192][main][info]["Main~AppEvents - Received booted event for process requester"]
[76438][1595924725176][main][info]["UpdateHandler~app-update-events - Received event",{"data":{"additionalParamsString":"installationId=a3a4cdbe-68fe-482a-a04e-8c7da141f623&userId=10261434&syncEnabled=true&teamPlan=","appId":"a3a4cdbe-68fe-482a-a04e-8c7da141f623","arch":"64","channel":"stable","downloadURL":"https://dl.pstmn.io/download/version/7.29.1/linux_64","downloadVersion":"7.29.1","platform":"LINUX","updateServerDomain":"https://dl.pstmn.io/","userAgent":"Mozilla/5.0 (X11; Linux x86_64) AppleWebKit/537.36 (KHTML, like Gecko) Postman/7.28.0 Chrome/78.0.3904.130 Electron/7.2.3 Safari/537.36","userId":"10261434","version":"7.28.0"},"name":"updateElectron","namespace":"appUpdate"}]
[76438][1595924725177][main][info]["LinuxUpdater~downloadUpdate - UpdateInfo received",{"additionalParamsString":"installationId=a3a4cdbe-68fe-482a-a04e-8c7da141f623&userId=10261434&syncEnabled=true&teamPlan=","appId":"a3a4cdbe-68fe-482a-a04e-8c7da141f623","arch":"64","channel":"stable","downloadURL":"https://dl.pstmn.io/download/version/7.29.1/linux_64","downloadVersion":"7.29.1","platform":"LINUX","updateServerDomain":"https://dl.pstmn.io/","userAgent":"Mozilla/5.0 (X11; Linux x86_64) AppleWebKit/537.36 (KHTML, like Gecko) Postman/7.28.0 Chrome/78.0.3904.130 Electron/7.2.3 Safari/537.36","userId":"10261434","version":"7.28.0"}]
[76438][1595924725981][main][info]["@postman/app-updater: error",{"errno":-13,"code":"EACCES","syscall":"open","path":"/opt/Postman/Postman-1595924725178.tar.gz","name":"Error","message":"EACCES: permission denied, open '/opt/Postman/Postman-1595924725178.tar.gz'","stack":"Error: EACCES: permission denied, open '/opt/Postman/Postman-1595924725178.tar.gz'"},{"packageName":"Postman","eID":"Postman-1595924725178","downloadURL":"https://dl.pstmn.io/download/version/7.29.1/linux_64","downloadDirectory":"/opt/Postman","downloadInfo":{"status":"DOWNLOAD_ERROR","error":{"errno":-13,"code":"EACCES","syscall":"open","path":"/opt/Postman/Postman-1595924725178.tar.gz"},"downloadDirectory":"/opt/Postman"}}]
[76438][1595924725982][main][info]["UpdateHandler~app-update-events - Received event",{"name":"electronAppUpdateError","namespace":"appUpdate","data":{"error":{"errno":-13,"code":"EACCES","syscall":"open","path":"/opt/Postman/Postman-1595924725178.tar.gz","name":"Error","message":"EACCES: permission denied, open '/opt/Postman/Postman-1595924725178.tar.gz'","stack":"Error: EACCES: permission denied, open '/opt/Postman/Postman-1595924725178.tar.gz'"},"updateData":{"packageName":"Postman","eID":"Postman-1595924725178","downloadURL":"https://dl.pstmn.io/download/version/7.29.1/linux_64","downloadDirectory":"/opt/Postman","downloadInfo":{"status":"DOWNLOAD_ERROR","error":{"errno":-13,"code":"EACCES","syscall":"open","path":"/opt/Postman/Postman-1595924725178.tar.gz"},"downloadDirectory":"/opt/Postman"}}}}]
[76438][1595924749398][main][info]["WindowManager~closeHandler - Closed Window (id: 3 )"]
[76438][1595924749436][main][info]["Quitting app"]
[20104][1596006566814][main][info]["Booting Postman 7.28.0, linux-5.4.0-42-generic on x64"]
[20104][1596006566818][main][info]["EventBus~initialize - Success"]
[20104][1596006566821][main][warn]["CloudProxyManager~init: Error while reading proxy configuration from user data - ",{"errno":-2,"code":"ENOENT","syscall":"open","path":"/home/trandat/.config/Postman/Postman_Config/proxy","name":"Error","message":"ENOENT: no such file or directory, open '/home/trandat/.config/Postman/Postman_Config/proxy'","stack":"Error: ENOENT: no such file or directory, open '/home/trandat/.config/Postman/Postman_Config/proxy'"}]
[20104][1596006566822][main][info]["CloudProxyManager~init - Success"]
[20104][1596006566830][main][info]["UpdateHandler~init - Success"]
[20104][1596006566832][main][info]["RuntimeExecutionService~initialized: Success"]
[20104][1596006567110][main][info]["LinuxAutoUpdater~Cleanup - Initial cleanup successful"]
[20104][1596006567210][main][info]["Bootstrap-models~bootstrap - Success"]
[20104][1596006567644][main][info]["window-manager~newSharedWindow: Shell loaded"]
[20104][1596006570112][main][info]["Main~AppEvents - Received booted event for process shared"]
[20104][1596006572933][main][info]["UpdateHandler~app-update-events - Received event",{"name":"checkForElectronVersionUpdated","namespace":"appUpdate"}]
[20104][1596006572979][main][info]["Main~AppEvents - Received booted event for process requester"]
[20104][1596006583986][main][info]["UpdateHandler~app-update-events - Received event",{"data":{"additionalParamsString":"installationId=a3a4cdbe-68fe-482a-a04e-8c7da141f623&userId=10261434&syncEnabled=true&teamPlan=","appId":"a3a4cdbe-68fe-482a-a04e-8c7da141f623","arch":"64","channel":"stable","downloadURL":"https://dl.pstmn.io/download/version/7.29.1/linux_64","downloadVersion":"7.29.1","platform":"LINUX","updateServerDomain":"https://dl.pstmn.io/","userAgent":"Mozilla/5.0 (X11; Linux x86_64) AppleWebKit/537.36 (KHTML, like Gecko) Postman/7.28.0 Chrome/78.0.3904.130 Electron/7.2.3 Safari/537.36","userId":"10261434","version":"7.28.0"},"name":"updateElectron","namespace":"appUpdate"}]
[20104][1596006583987][main][info]["LinuxUpdater~downloadUpdate - UpdateInfo received",{"additionalParamsString":"installationId=a3a4cdbe-68fe-482a-a04e-8c7da141f623&userId=10261434&syncEnabled=true&teamPlan=","appId":"a3a4cdbe-68fe-482a-a04e-8c7da141f623","arch":"64","channel":"stable","downloadURL":"https://dl.pstmn.io/download/version/7.29.1/linux_64","downloadVersion":"7.29.1","platform":"LINUX","updateServerDomain":"https://dl.pstmn.io/","userAgent":"Mozilla/5.0 (X11; Linux x86_64) AppleWebKit/537.36 (KHTML, like Gecko) Postman/7.28.0 Chrome/78.0.3904.130 Electron/7.2.3 Safari/537.36","userId":"10261434","version":"7.28.0"}]
[20104][1596006584803][main][info]["@postman/app-updater: error",{"errno":-13,"code":"EACCES","syscall":"open","path":"/opt/Postman/Postman-1596006583988.tar.gz","name":"Error","message":"EACCES: permission denied, open '/opt/Postman/Postman-1596006583988.tar.gz'","stack":"Error: EACCES: permission denied, open '/opt/Postman/Postman-1596006583988.tar.gz'"},{"packageName":"Postman","eID":"Postman-1596006583988","downloadURL":"https://dl.pstmn.io/download/version/7.29.1/linux_64","downloadDirectory":"/opt/Postman","downloadInfo":{"status":"DOWNLOAD_ERROR","error":{"errno":-13,"code":"EACCES","syscall":"open","path":"/opt/Postman/Postman-1596006583988.tar.gz"},"downloadDirectory":"/opt/Postman"}}]
[20104][1596006584804][main][info]["UpdateHandler~app-update-events - Received event",{"name":"electronAppUpdateError","namespace":"appUpdate","data":{"error":{"errno":-13,"code":"EACCES","syscall":"open","path":"/opt/Postman/Postman-1596006583988.tar.gz","name":"Error","message":"EACCES: permission denied, open '/opt/Postman/Postman-1596006583988.tar.gz'","stack":"Error: EACCES: permission denied, open '/opt/Postman/Postman-1596006583988.tar.gz'"},"updateData":{"packageName":"Postman","eID":"Postman-1596006583988","downloadURL":"https://dl.pstmn.io/download/version/7.29.1/linux_64","downloadDirectory":"/opt/Postman","downloadInfo":{"status":"DOWNLOAD_ERROR","error":{"errno":-13,"code":"EACCES","syscall":"open","path":"/opt/Postman/Postman-1596006583988.tar.gz"},"downloadDirectory":"/opt/Postman"}}}}]
[4165][1596015676547][main][info]["Booting Postman 7.28.0, linux-5.4.0-42-generic on x64"]
[4165][1596015676551][main][info]["EventBus~initialize - Success"]
[4165][1596015676554][main][warn]["CloudProxyManager~init: Error while reading proxy configuration from user data - ",{"errno":-2,"code":"ENOENT","syscall":"open","path":"/home/trandat/.config/Postman/Postman_Config/proxy","name":"Error","message":"ENOENT: no such file or directory, open '/home/trandat/.config/Postman/Postman_Config/proxy'","stack":"Error: ENOENT: no such file or directory, open '/home/trandat/.config/Postman/Postman_Config/proxy'"}]
[4165][1596015676555][main][info]["CloudProxyManager~init - Success"]
[4165][1596015676562][main][info]["UpdateHandler~init - Success"]
[4165][1596015676564][main][info]["RuntimeExecutionService~initialized: Success"]
[4165][1596015676878][main][info]["LinuxAutoUpdater~Cleanup - Initial cleanup successful"]
[4165][1596015676952][main][info]["Bootstrap-models~bootstrap - Success"]
[4165][1596015677409][main][info]["window-manager~newSharedWindow: Shell loaded"]
[4165][1596015680010][main][info]["Main~AppEvents - Received booted event for process shared"]
[4165][1596015682677][main][info]["UpdateHandler~app-update-events - Received event",{"name":"checkForElectronVersionUpdated","namespace":"appUpdate"}]
[4165][1596015682706][main][info]["Main~AppEvents - Received booted event for process requester"]
[4165][1596015694620][main][info]["UpdateHandler~app-update-events - Received event",{"data":{"additionalParamsString":"installationId=a3a4cdbe-68fe-482a-a04e-8c7da141f623&userId=10261434&syncEnabled=true&teamPlan=","appId":"a3a4cdbe-68fe-482a-a04e-8c7da141f623","arch":"64","channel":"stable","downloadURL":"https://dl.pstmn.io/download/version/7.29.1/linux_64","downloadVersion":"7.29.1","platform":"LINUX","updateServerDomain":"https://dl.pstmn.io/","userAgent":"Mozilla/5.0 (X11; Linux x86_64) AppleWebKit/537.36 (KHTML, like Gecko) Postman/7.28.0 Chrome/78.0.3904.130 Electron/7.2.3 Safari/537.36","userId":"10261434","version":"7.28.0"},"name":"updateElectron","namespace":"appUpdate"}]
[4165][1596015694621][main][info]["LinuxUpdater~downloadUpdate - UpdateInfo received",{"additionalParamsString":"installationId=a3a4cdbe-68fe-482a-a04e-8c7da141f623&userId=10261434&syncEnabled=true&teamPlan=","appId":"a3a4cdbe-68fe-482a-a04e-8c7da141f623","arch":"64","channel":"stable","downloadURL":"https://dl.pstmn.io/download/version/7.29.1/linux_64","downloadVersion":"7.29.1","platform":"LINUX","updateServerDomain":"https://dl.pstmn.io/","userAgent":"Mozilla/5.0 (X11; Linux x86_64) AppleWebKit/537.36 (KHTML, like Gecko) Postman/7.28.0 Chrome/78.0.3904.130 Electron/7.2.3 Safari/537.36","userId":"10261434","version":"7.28.0"}]
[4165][1596015695773][main][info]["@postman/app-updater: error",{"errno":-13,"code":"EACCES","syscall":"open","path":"/opt/Postman/Postman-1596015694621.tar.gz","name":"Error","message":"EACCES: permission denied, open '/opt/Postman/Postman-1596015694621.tar.gz'","stack":"Error: EACCES: permission denied, open '/opt/Postman/Postman-1596015694621.tar.gz'"},{"packageName":"Postman","eID":"Postman-1596015694621","downloadURL":"https://dl.pstmn.io/download/version/7.29.1/linux_64","downloadDirectory":"/opt/Postman","downloadInfo":{"status":"DOWNLOAD_ERROR","error":{"errno":-13,"code":"EACCES","syscall":"open","path":"/opt/Postman/Postman-1596015694621.tar.gz"},"downloadDirectory":"/opt/Postman"}}]
[4165][1596015695775][main][info]["UpdateHandler~app-update-events - Received event",{"name":"electronAppUpdateError","namespace":"appUpdate","data":{"error":{"errno":-13,"code":"EACCES","syscall":"open","path":"/opt/Postman/Postman-1596015694621.tar.gz","name":"Error","message":"EACCES: permission denied, open '/opt/Postman/Postman-1596015694621.tar.gz'","stack":"Error: EACCES: permission denied, open '/opt/Postman/Postman-1596015694621.tar.gz'"},"updateData":{"packageName":"Postman","eID":"Postman-1596015694621","downloadURL":"https://dl.pstmn.io/download/version/7.29.1/linux_64","downloadDirectory":"/opt/Postman","downloadInfo":{"status":"DOWNLOAD_ERROR","error":{"errno":-13,"code":"EACCES","syscall":"open","path":"/opt/Postman/Postman-1596015694621.tar.gz"},"downloadDirectory":"/opt/Postman"}}}}]
