[9643][1594735111408][shell][info]["EventBus~initialize - Success"]
[9643][1594735111426][shell][info]["bootShellCrashReporter~ Success"]
[9643][1594735111429][shell][info]["shellController~init: Success"]
[9643][1594735111430][shell][info]["shellMeta~init: Success"]
[9643][1594735111459][shell][info]["init~setViewAttributes - Initializing view with opts:",{"devtools":false,"id":2,"startTime":1594735110904,"type":"shared","partitionId":"default"}]
[9643][1594735111462][shell][info]["init~setViewAttributes - Success"]
[9643][1594735116302][shell][info]["EventBus~initialize - Success"]
[9643][1594735116318][shell][info]["bootShellCrashReporter~ Success"]
[9643][1594735116322][shell][info]["shellController~init: Success"]
[9643][1594735116325][shell][info]["shellMeta~init: Success"]
[9643][1594735116349][shell][info]["init~setViewAttributes - Initializing view with opts:",{"allIds":[4],"devtools":false,"id":4,"primaryId":4,"startTime":1594735115918,"type":"requester","partitionId":"default"}]
[9643][1594735116351][shell][info]["init~setViewAttributes - Success"]
[30324][1594779231197][shell][info]["EventBus~initialize - Success"]
[30324][1594779231218][shell][info]["bootShellCrashReporter~ Success"]
[30324][1594779231222][shell][info]["shellController~init: Success"]
[30324][1594779231223][shell][info]["shellMeta~init: Success"]
[30324][1594779231248][shell][info]["init~setViewAttributes - Initializing view with opts:",{"devtools":false,"id":2,"startTime":1594779230584,"type":"shared","partitionId":"default"}]
[30324][1594779231249][shell][info]["init~setViewAttributes - Success"]
[30324][1594779234626][shell][info]["EventBus~initialize - Success"]
[30324][1594779234641][shell][info]["bootShellCrashReporter~ Success"]
[30324][1594779234645][shell][info]["shellController~init: Success"]
[30324][1594779234646][shell][info]["shellMeta~init: Success"]
[30324][1594779234672][shell][info]["init~setViewAttributes - Initializing view with opts:",{"allIds":[3],"devtools":false,"id":3,"primaryId":3,"startTime":1594779234080,"type":"requester","partitionId":"default"}]
[30324][1594779234674][shell][info]["init~setViewAttributes - Success"]
[3058][1594808816061][shell][info]["EventBus~initialize - Success"]
[3058][1594808816082][shell][info]["bootShellCrashReporter~ Success"]
[3058][1594808816086][shell][info]["shellController~init: Success"]
[3058][1594808816087][shell][info]["shellMeta~init: Success"]
[3058][1594808816115][shell][info]["init~setViewAttributes - Initializing view with opts:",{"devtools":false,"id":2,"startTime":1594808815437,"type":"shared","partitionId":"default"}]
[3058][1594808816116][shell][info]["init~setViewAttributes - Success"]
[3058][1594808819593][shell][info]["EventBus~initialize - Success"]
[3058][1594808819609][shell][info]["bootShellCrashReporter~ Success"]
[3058][1594808819613][shell][info]["shellController~init: Success"]
[3058][1594808819614][shell][info]["shellMeta~init: Success"]
[3058][1594808819638][shell][info]["init~setViewAttributes - Initializing view with opts:",{"allIds":[3],"devtools":false,"id":3,"primaryId":3,"startTime":1594808819126,"type":"requester","partitionId":"default"}]
[3058][1594808819640][shell][info]["init~setViewAttributes - Success"]
[3353][1594808854163][shell][info]["EventBus~initialize - Success"]
[3353][1594808854179][shell][info]["bootShellCrashReporter~ Success"]
[3353][1594808854182][shell][info]["shellController~init: Success"]
[3353][1594808854183][shell][info]["shellMeta~init: Success"]
[3353][1594808854204][shell][info]["init~setViewAttributes - Initializing view with opts:",{"devtools":false,"id":2,"startTime":1594808853665,"type":"shared","partitionId":"default"}]
[3353][1594808854206][shell][info]["init~setViewAttributes - Success"]
[3353][1594808857523][shell][info]["EventBus~initialize - Success"]
[3353][1594808857543][shell][info]["bootShellCrashReporter~ Success"]
[3353][1594808857549][shell][info]["shellController~init: Success"]
[3353][1594808857549][shell][info]["shellMeta~init: Success"]
[3353][1594808857576][shell][info]["init~setViewAttributes - Initializing view with opts:",{"allIds":[3],"devtools":false,"id":3,"primaryId":3,"startTime":1594808857070,"type":"requester","partitionId":"default"}]
[3353][1594808857579][shell][info]["init~setViewAttributes - Success"]
[15130][1595075232471][shell][info]["EventBus~initialize - Success"]
[15130][1595075232494][shell][info]["bootShellCrashReporter~ Success"]
[15130][1595075232497][shell][info]["shellController~init: Success"]
[15130][1595075232498][shell][info]["shellMeta~init: Success"]
[15130][1595075232524][shell][info]["init~setViewAttributes - Initializing view with opts:",{"devtools":false,"id":2,"startTime":1595075231887,"type":"shared","partitionId":"default"}]
[15130][1595075232526][shell][info]["init~setViewAttributes - Success"]
[15130][1595075236338][shell][info]["EventBus~initialize - Success"]
[15130][1595075236357][shell][info]["bootShellCrashReporter~ Success"]
[15130][1595075236360][shell][info]["shellController~init: Success"]
[15130][1595075236360][shell][info]["shellMeta~init: Success"]
[15130][1595075236384][shell][info]["init~setViewAttributes - Initializing view with opts:",{"allIds":[3],"devtools":false,"id":3,"primaryId":3,"startTime":1595075235898,"type":"requester","partitionId":"default"}]
[15130][1595075236386][shell][info]["init~setViewAttributes - Success"]
[15130][1595076096736][shell][info]["EventBus~initialize - Success"]
[15130][1595076096751][shell][info]["bootShellCrashReporter~ Success"]
[15130][1595076096753][shell][info]["shellController~init: Success"]
[15130][1595076096754][shell][info]["shellMeta~init: Success"]
[15130][1595076096776][shell][info]["init~setViewAttributes - Initializing view with opts:",{"devtools":false,"id":4,"startTime":1595076096355,"type":"runner","partitionId":"default"}]
[15130][1595076096778][shell][info]["init~setViewAttributes - Success"]
[15130][1595076131152][shell][info]["EventBus~initialize - Success"]
[15130][1595076131165][shell][info]["bootShellCrashReporter~ Success"]
[15130][1595076131168][shell][info]["shellController~init: Success"]
[15130][1595076131168][shell][info]["shellMeta~init: Success"]
[15130][1595076131189][shell][info]["init~setViewAttributes - Initializing view with opts:",{"devtools":false,"id":5,"startTime":1595076130792,"type":"runner","partitionId":"default"}]
[15130][1595076131191][shell][info]["init~setViewAttributes - Success"]
[20096][1595146006182][shell][info]["EventBus~initialize - Success"]
[20096][1595146006206][shell][info]["bootShellCrashReporter~ Success"]
[20096][1595146006210][shell][info]["shellController~init: Success"]
[20096][1595146006211][shell][info]["shellMeta~init: Success"]
[20096][1595146006237][shell][info]["init~setViewAttributes - Initializing view with opts:",{"devtools":false,"id":2,"startTime":1595146005573,"type":"shared","partitionId":"default"}]
[20096][1595146006239][shell][info]["init~setViewAttributes - Success"]
[20096][1595146010076][shell][info]["EventBus~initialize - Success"]
[20096][1595146010089][shell][info]["bootShellCrashReporter~ Success"]
[20096][1595146010091][shell][info]["shellController~init: Success"]
[20096][1595146010092][shell][info]["shellMeta~init: Success"]
[20096][1595146010111][shell][info]["init~setViewAttributes - Initializing view with opts:",{"allIds":[3],"devtools":false,"id":3,"primaryId":3,"startTime":1595146009628,"type":"requester","partitionId":"default"}]
[20096][1595146010113][shell][info]["init~setViewAttributes - Success"]
[24659][1595500273147][shell][info]["EventBus~initialize - Success"]
[24659][1595500273169][shell][info]["bootShellCrashReporter~ Success"]
[24659][1595500273172][shell][info]["shellController~init: Success"]
[24659][1595500273173][shell][info]["shellMeta~init: Success"]
[24659][1595500273201][shell][info]["init~setViewAttributes - Initializing view with opts:",{"devtools":false,"id":2,"startTime":1595500272541,"type":"shared","partitionId":"default"}]
[24659][1595500273203][shell][info]["init~setViewAttributes - Success"]
[24659][1595500276826][shell][info]["EventBus~initialize - Success"]
[24659][1595500276839][shell][info]["bootShellCrashReporter~ Success"]
[24659][1595500276842][shell][info]["shellController~init: Success"]
[24659][1595500276843][shell][info]["shellMeta~init: Success"]
[24659][1595500276863][shell][info]["init~setViewAttributes - Initializing view with opts:",{"allIds":[3],"devtools":false,"id":3,"primaryId":3,"startTime":1595500276399,"type":"requester","partitionId":"default"}]
[24659][1595500276864][shell][info]["init~setViewAttributes - Success"]
[62128][1595922095649][shell][info]["EventBus~initialize - Success"]
[62128][1595922095674][shell][info]["bootShellCrashReporter~ Success"]
[62128][1595922095677][shell][info]["shellController~init: Success"]
[62128][1595922095678][shell][info]["shellMeta~init: Success"]
[62128][1595922095703][shell][info]["init~setViewAttributes - Initializing view with opts:",{"devtools":false,"id":2,"startTime":1595922095060,"type":"shared","partitionId":"default"}]
[62128][1595922095705][shell][info]["init~setViewAttributes - Success"]
[62128][1595922099141][shell][info]["EventBus~initialize - Success"]
[62128][1595922099159][shell][info]["bootShellCrashReporter~ Success"]
[62128][1595922099161][shell][info]["shellController~init: Success"]
[62128][1595922099162][shell][info]["shellMeta~init: Success"]
[62128][1595922099184][shell][info]["init~setViewAttributes - Initializing view with opts:",{"allIds":[3],"devtools":false,"id":3,"primaryId":3,"startTime":1595922098739,"type":"requester","partitionId":"default"}]
[62128][1595922099186][shell][info]["init~setViewAttributes - Success"]
[76438][1595924708413][shell][info]["EventBus~initialize - Success"]
[76438][1595924708428][shell][info]["bootShellCrashReporter~ Success"]
[76438][1595924708430][shell][info]["shellController~init: Success"]
[76438][1595924708431][shell][info]["shellMeta~init: Success"]
[76438][1595924708454][shell][info]["init~setViewAttributes - Initializing view with opts:",{"devtools":false,"id":2,"startTime":1595924707964,"type":"shared","partitionId":"default"}]
[76438][1595924708456][shell][info]["init~setViewAttributes - Success"]
[76438][1595924711669][shell][info]["EventBus~initialize - Success"]
[76438][1595924711684][shell][info]["bootShellCrashReporter~ Success"]
[76438][1595924711686][shell][info]["shellController~init: Success"]
[76438][1595924711687][shell][info]["shellMeta~init: Success"]
[76438][1595924711708][shell][info]["init~setViewAttributes - Initializing view with opts:",{"allIds":[3],"devtools":false,"id":3,"primaryId":3,"startTime":1595924711257,"type":"requester","partitionId":"default"}]
[76438][1595924711710][shell][info]["init~setViewAttributes - Success"]
[20104][1596006567598][shell][info]["EventBus~initialize - Success"]
[20104][1596006567621][shell][info]["bootShellCrashReporter~ Success"]
[20104][1596006567625][shell][info]["shellController~init: Success"]
[20104][1596006567625][shell][info]["shellMeta~init: Success"]
[20104][1596006567653][shell][info]["init~setViewAttributes - Initializing view with opts:",{"devtools":false,"id":2,"startTime":1596006567013,"type":"shared","partitionId":"default"}]
[20104][1596006567655][shell][info]["init~setViewAttributes - Success"]
[20104][1596006570561][shell][info]["EventBus~initialize - Success"]
[20104][1596006570574][shell][info]["bootShellCrashReporter~ Success"]
[20104][1596006570576][shell][info]["shellController~init: Success"]
[20104][1596006570577][shell][info]["shellMeta~init: Success"]
[20104][1596006570602][shell][info]["init~setViewAttributes - Initializing view with opts:",{"allIds":[3],"devtools":false,"id":3,"primaryId":3,"startTime":1596006570157,"type":"requester","partitionId":"default"}]
[20104][1596006570604][shell][info]["init~setViewAttributes - Success"]
[4165][1596015677365][shell][info]["EventBus~initialize - Success"]
[4165][1596015677389][shell][info]["bootShellCrashReporter~ Success"]
[4165][1596015677392][shell][info]["shellController~init: Success"]
[4165][1596015677393][shell][info]["shellMeta~init: Success"]
[4165][1596015677419][shell][info]["init~setViewAttributes - Initializing view with opts:",{"devtools":false,"id":2,"startTime":1596015676732,"type":"shared","partitionId":"default"}]
[4165][1596015677421][shell][info]["init~setViewAttributes - Success"]
[4165][1596015680417][shell][info]["EventBus~initialize - Success"]
[4165][1596015680430][shell][info]["bootShellCrashReporter~ Success"]
[4165][1596015680432][shell][info]["shellController~init: Success"]
[4165][1596015680433][shell][info]["shellMeta~init: Success"]
[4165][1596015680455][shell][info]["init~setViewAttributes - Initializing view with opts:",{"allIds":[3],"devtools":false,"id":3,"primaryId":3,"startTime":1596015680057,"type":"requester","partitionId":"default"}]
[4165][1596015680456][shell][info]["init~setViewAttributes - Success"]
[81471][1597371713289][shell][info]["EventBus~initialize - Success"]
[81471][1597371713320][shell][info]["bootShellCrashReporter~ Success"]
[81471][1597371713324][shell][info]["shellController~init: Success"]
[81471][1597371713325][shell][info]["shellMeta~init: Success"]
[81471][1597371713358][shell][info]["init~setViewAttributes - Initializing view with opts:",{"devtools":false,"id":2,"startTime":1597371712502,"type":"shared","partitionId":"default"}]
[81471][1597371713361][shell][info]["init~setViewAttributes - Success"]
[81471][1597371717230][shell][info]["EventBus~initialize - Success"]
[81471][1597371717247][shell][info]["bootShellCrashReporter~ Success"]
[81471][1597371717251][shell][info]["shellController~init: Success"]
[81471][1597371717251][shell][info]["shellMeta~init: Success"]
[81471][1597371717276][shell][info]["init~setViewAttributes - Initializing view with opts:",{"allIds":[3],"devtools":false,"id":3,"primaryId":3,"startTime":1597371716714,"type":"requester","partitionId":"default"}]
[81471][1597371717279][shell][info]["init~setViewAttributes - Success"]
[802882][1597409830581][shell][info]["EventBus~initialize - Success"]
[802882][1597409830609][shell][info]["bootShellCrashReporter~ Success"]
[802882][1597409830612][shell][info]["shellController~init: Success"]
[802882][1597409830613][shell][info]["shellMeta~init: Success"]
[802882][1597409830651][shell][info]["init~setViewAttributes - Initializing view with opts:",{"devtools":false,"id":2,"startTime":1597409829859,"type":"shared","partitionId":"default"}]
[802882][1597409830654][shell][info]["init~setViewAttributes - Success"]
[802882][1597409834769][shell][info]["EventBus~initialize - Success"]
[802882][1597409834781][shell][info]["bootShellCrashReporter~ Success"]
[802882][1597409834785][shell][info]["shellController~init: Success"]
[802882][1597409834786][shell][info]["shellMeta~init: Success"]
[802882][1597409834807][shell][info]["init~setViewAttributes - Initializing view with opts:",{"allIds":[3],"devtools":false,"id":3,"primaryId":3,"startTime":1597409834263,"type":"requester","partitionId":"default"}]
[802882][1597409834809][shell][info]["init~setViewAttributes - Success"]
[594549][1597493270016][shell][info]["EventBus~initialize - Success"]
[594549][1597493270046][shell][info]["bootShellCrashReporter~ Success"]
[594549][1597493270050][shell][info]["shellController~init: Success"]
[594549][1597493270051][shell][info]["shellMeta~init: Success"]
[594549][1597493270075][shell][info]["init~setViewAttributes - Initializing view with opts:",{"devtools":false,"id":2,"startTime":1597493269374,"type":"shared","partitionId":"default"}]
[594549][1597493270077][shell][info]["init~setViewAttributes - Success"]
[594549][1597493273894][shell][info]["EventBus~initialize - Success"]
[594549][1597493273907][shell][info]["bootShellCrashReporter~ Success"]
[594549][1597493273909][shell][info]["shellController~init: Success"]
[594549][1597493273910][shell][info]["shellMeta~init: Success"]
[594549][1597493273929][shell][info]["init~setViewAttributes - Initializing view with opts:",{"allIds":[3],"devtools":false,"id":3,"primaryId":3,"startTime":1597493273397,"type":"requester","partitionId":"default"}]
[594549][1597493273931][shell][info]["init~setViewAttributes - Success"]
