[15130][1595076098841][runner][info]["EventBus~initialize - Success"]
[15130][1595076098844][runner][info]["Messaging~boot - Success"]
[15130][1595076098857][runner][info]["bootCrashReporter~ Success"]
[15130][1595076098859][runner][info]["Telemetry~boot - Success"]
[15130][1595076098860][runner][info]["bootConfigurations~initialize - Success"]
[15130][1595076098863][runner][info]["Settings~boot - Success"]
[15130][1595076099105][runner][info]["bootstrapModels - Success"]
[15130][1595076099106][runner][info]["WLModels~boot - Success"]
[15130][1595076099135][runner][info]["AppModels~boot - Success"]
[15130][1595076099205][runner][info]["Session~boot - Success"]
[15130][1595076099209][runner][info]["ThemeManager~boot - Success"]
[15130][1595076099209][runner][info]["Store~boot - Success"]
[15130][1595076099213][runner][info]["Shortcuts~boot - Success"]
[15130][1595076099213][runner][info]["SyncProxy~boot - Success"]
[15130][1595076099226][runner][info]["NewConsole~boot - Success"]
[15130][1595076099237][runner][info]["Runner~boot - Success"]
[15130][1595076099238][runner][info]["booted - runner"]
[15130][1595076099353][runner][info]["SessionValidation - Registering listener"]
[15130][1595076133250][runner][info]["EventBus~initialize - Success"]
[15130][1595076133253][runner][info]["Messaging~boot - Success"]
[15130][1595076133265][runner][info]["bootCrashReporter~ Success"]
[15130][1595076133267][runner][info]["Telemetry~boot - Success"]
[15130][1595076133268][runner][info]["bootConfigurations~initialize - Success"]
[15130][1595076133271][runner][info]["Settings~boot - Success"]
[15130][1595076133351][runner][info]["bootstrapModels - Success"]
[15130][1595076133352][runner][info]["WLModels~boot - Success"]
[15130][1595076133381][runner][info]["AppModels~boot - Success"]
[15130][1595076133473][runner][info]["Session~boot - Success"]
[15130][1595076133477][runner][info]["ThemeManager~boot - Success"]
[15130][1595076133478][runner][info]["Store~boot - Success"]
[15130][1595076133482][runner][info]["Shortcuts~boot - Success"]
[15130][1595076133483][runner][info]["SyncProxy~boot - Success"]
[15130][1595076133492][runner][info]["NewConsole~boot - Success"]
[15130][1595076133503][runner][info]["Runner~boot - Success"]
[15130][1595076133503][runner][info]["booted - runner"]
[15130][1595076133623][runner][info]["SessionValidation - Registering listener"]
