[9643][1594735118755][requester][info]["EventBus~initialize - Success"]
[9643][1594735118760][requester][info]["Messaging~boot - Success"]
[9643][1594735118775][requester][info]["bootCrashReporter~ Success"]
[9643][1594735118777][requester][info]["Telemetry~boot - Success"]
[9643][1594735118779][requester][info]["bootConfigurations~initialize - Success"]
[9643][1594735118781][requester][info]["Settings~boot - Success"]
[9643][1594735118906][requester][info]["bootstrapModels - Success"]
[9643][1594735118907][requester][info]["WLModels~boot - Success"]
[9643][1594735118990][requester][info]["Session~boot - Success"]
[9643][1594735118996][requester][info]["IndependentServices~boot - Success"]
[9643][1594735119021][requester][info]["AppModels~boot - Success"]
[9643][1594735119022][requester][info]["RuntimeListeners~boot- Success"]
[9643][1594735119023][requester][info]["DBWatcher~boot - Success"]
[9643][1594735119028][requester][info]["ThemeManager~boot - Success"]
[9643][1594735119029][requester][info]["Store~boot - Success"]
[9643][1594735119033][requester][info]["Shortcuts~boot - Success"]
[9643][1594735119033][requester][info]["SyncProxy~boot - Success"]
[9643][1594735119051][requester][info]["NewConsole~boot - Success"]
[9643][1594735119060][requester][info]["APIDevInterface~boot - Success"]
[9643][1594735119079][requester][info]["Requester~boot - Success"]
[9643][1594735119079][requester][info]["booted - requester"]
[9643][1594735119132][requester][warn]["CloudProxyHandler: Error while reading proxy configuration from user data - ",{"errno":-2,"code":"ENOENT","syscall":"open","path":"/home/trandat/.config/Postman/Postman_Config/proxy","name":"Error","message":"ENOENT: no such file or directory, open '/home/trandat/.config/Postman/Postman_Config/proxy'","stack":"Error: ENOENT: no such file or directory, open '/home/trandat/.config/Postman/Postman_Config/proxy'"}]
[9643][1594735121509][requester][info]["SessionValidation - Registering listener"]
[9643][1594735121573][requester][warn]["FeatureFlagsStore~updateFlags: Could not find feature flags",{"error":{"message":"SyncRequestService\\x7erequestListener: Could not fetch from sync. Socket not connected."}}]
[9643][1594735148905][requester][warn]["Failed to subscribe to workspace for all APIs",{"name":"Error","message":"","stack":"Error\n    at SafeSubscriber._next (file:///opt/Postman/app/resources/app/js/vendor-shared.js:481437:24)\n    at SafeSubscriber.__tryOrUnsub (file:///opt/Postman/app/resources/app/js/vendor-shared.js:42766:16)\n    at SafeSubscriber.next (file:///opt/Postman/app/resources/app/js/vendor-shared.js:42704:22)\n    at Subscriber._next (file:///opt/Postman/app/resources/app/js/vendor-shared.js:42647:26)\n    at Subscriber.next (file:///opt/Postman/app/resources/app/js/vendor-shared.js:42624:18)\n    at FilterSubscriber._next (file:///opt/Postman/app/resources/app/js/vendor-shared.js:181262:30)\n    at FilterSubscriber.Subscriber.next (file:///opt/Postman/app/resources/app/js/vendor-shared.js:42624:18)\n    at RefCountSubscriber.Subscriber._next (file:///opt/Postman/app/resources/app/js/vendor-shared.js:42647:26)\n    at RefCountSubscriber.Subscriber.next (file:///opt/Postman/app/resources/app/js/vendor-shared.js:42624:18)\n    at Subject.next (file:///opt/Postman/app/resources/app/js/vendor-shared.js:79678:25)\n    at ConnectableSubscriber.Subscriber._next (file:///opt/Postman/app/resources/app/js/vendor-shared.js:42647:26)\n    at ConnectableSubscriber.Subscriber.next (file:///opt/Postman/app/resources/app/js/vendor-shared.js:42624:18)\n    at EventEmitter.<anonymous> (file:///opt/Postman/app/resources/app/js/vendor-shared.js:481384:14)\n    at EventEmitter.emit (file:///opt/Postman/app/resources/app/js/vendor-shared.js:48998:5)\n    at _dispatch (file:///opt/Postman/app/resources/app/js/vendor-shared.js:179141:14)\n    at EventEmitter.<anonymous> (file:///opt/Postman/app/resources/app/js/vendor-shared.js:179151:9)"}]
[9643][1594735149012][requester][warn]["APIDevService~getAPIs: Failed to get APIs.",{"error":{"message":"SyncRequestService\\x7erequestListener: Could not fetch from sync. Socket not connected."}}]
[9643][1594735149019][requester][warn]["Failed to refresh API List",{"error":{"message":"SyncRequestService\\x7erequestListener: Could not fetch from sync. Socket not connected."}}]
[9643][1594735162306][requester][warn]["FeatureFlagsStore~updateFlags: Could not find feature flags",{"error":{"message":"SyncRequestService\\x7erequestListener: Could not fetch from sync. Socket not connected."}}]
[9643][1594735181448][requester][warn]["AcUiUtils~getActionInfo: Could not get the AC action for",{"action":"addcollection","entityType":"workspace","entityId":"98f743c0-37c5-4a0f-8e8f-3b2d6e06f736"}]
[9643][1594735235343][requester][warn]["APIDevInterface~getAPIForModel: There is no API linked to the model"]
[9643][1594735246643][requester][warn]["APIDevInterface~getAPIForModel: There is no API linked to the model"]
[9643][1594735541352][requester][warn]["APIDevInterface~getAPIForModel: There is no API linked to the model"]
[9643][1594735735308][requester][warn]["APIDevInterface~getAPIForModel: There is no API linked to the model"]
[30324][1594779236747][requester][info]["EventBus~initialize - Success"]
[30324][1594779236750][requester][info]["Messaging~boot - Success"]
[30324][1594779236765][requester][info]["bootCrashReporter~ Success"]
[30324][1594779236768][requester][info]["Telemetry~boot - Success"]
[30324][1594779236769][requester][info]["bootConfigurations~initialize - Success"]
[30324][1594779236772][requester][info]["Settings~boot - Success"]
[30324][1594779236871][requester][info]["bootstrapModels - Success"]
[30324][1594779236872][requester][info]["WLModels~boot - Success"]
[30324][1594779236928][requester][info]["Session~boot - Success"]
[30324][1594779236934][requester][info]["IndependentServices~boot - Success"]
[30324][1594779236959][requester][info]["AppModels~boot - Success"]
[30324][1594779236959][requester][info]["RuntimeListeners~boot- Success"]
[30324][1594779236960][requester][info]["DBWatcher~boot - Success"]
[30324][1594779236963][requester][info]["ThemeManager~boot - Success"]
[30324][1594779236964][requester][info]["Store~boot - Success"]
[30324][1594779236968][requester][info]["Shortcuts~boot - Success"]
[30324][1594779236969][requester][info]["SyncProxy~boot - Success"]
[30324][1594779236989][requester][info]["NewConsole~boot - Success"]
[30324][1594779236991][requester][info]["APIDevInterface~boot - Success"]
[30324][1594779237016][requester][info]["Requester~boot - Success"]
[30324][1594779237017][requester][info]["booted - requester"]
[30324][1594779237057][requester][warn]["CloudProxyHandler: Error while reading proxy configuration from user data - ",{"errno":-2,"code":"ENOENT","syscall":"open","path":"/home/trandat/.config/Postman/Postman_Config/proxy","name":"Error","message":"ENOENT: no such file or directory, open '/home/trandat/.config/Postman/Postman_Config/proxy'","stack":"Error: ENOENT: no such file or directory, open '/home/trandat/.config/Postman/Postman_Config/proxy'"}]
[30324][1594779240915][requester][info]["SessionValidation - Registering listener"]
[30324][1594779281820][requester][warn]["APIDevInterface~getAPIForModel: There is no API linked to the model"]
[30324][1594779316954][requester][warn]["APIDevInterface~getAPIForModel: There is no API linked to the model"]
[30324][1594779351686][requester][warn]["APIDevInterface~getAPIForModel: There is no API linked to the model"]
[30324][1594779566568][requester][warn]["APIDevInterface~getAPIForModel: There is no API linked to the model"]
[30324][1594779715215][requester][warn]["APIDevInterface~getAPIForModel: There is no API linked to the model"]
[30324][1594779918513][requester][warn]["APIDevInterface~getAPIForModel: There is no API linked to the model"]
[30324][1594779970776][requester][warn]["APIDevInterface~getAPIForModel: There is no API linked to the model"]
[30324][1594780324946][requester][warn]["APIDevInterface~getAPIForModel: There is no API linked to the model"]
[30324][1594781139040][requester][warn]["APIDevInterface~getAPIForModel: There is no API linked to the model"]
[30324][1594781148831][requester][warn]["APIDevInterface~getAPIForModel: There is no API linked to the model"]
[30324][1594781415479][requester][warn]["APIDevInterface~getAPIForModel: There is no API linked to the model"]
[30324][1594781421631][requester][warn]["APIDevInterface~getAPIForModel: There is no API linked to the model"]
[30324][1594781785546][requester][warn]["APIDevInterface~getAPIForModel: There is no API linked to the model"]
[30324][1594781799746][requester][warn]["APIDevInterface~getAPIForModel: There is no API linked to the model"]
[3058][1594808821811][requester][info]["EventBus~initialize - Success"]
[3058][1594808821822][requester][info]["Messaging~boot - Success"]
[3058][1594808821839][requester][info]["bootCrashReporter~ Success"]
[3058][1594808821841][requester][info]["Telemetry~boot - Success"]
[3058][1594808821842][requester][info]["bootConfigurations~initialize - Success"]
[3058][1594808821845][requester][info]["Settings~boot - Success"]
[3058][1594808821956][requester][info]["bootstrapModels - Success"]
[3058][1594808821957][requester][info]["WLModels~boot - Success"]
[3058][1594808822007][requester][info]["Session~boot - Success"]
[3058][1594808822011][requester][info]["IndependentServices~boot - Success"]
[3058][1594808822040][requester][info]["AppModels~boot - Success"]
[3058][1594808822040][requester][info]["RuntimeListeners~boot- Success"]
[3058][1594808822041][requester][info]["DBWatcher~boot - Success"]
[3058][1594808822045][requester][info]["ThemeManager~boot - Success"]
[3058][1594808822048][requester][info]["Store~boot - Success"]
[3058][1594808822052][requester][info]["Shortcuts~boot - Success"]
[3058][1594808822053][requester][info]["SyncProxy~boot - Success"]
[3058][1594808822076][requester][info]["NewConsole~boot - Success"]
[3058][1594808822085][requester][info]["APIDevInterface~boot - Success"]
[3058][1594808822101][requester][info]["Requester~boot - Success"]
[3058][1594808822101][requester][info]["booted - requester"]
[3058][1594808822149][requester][warn]["CloudProxyHandler: Error while reading proxy configuration from user data - ",{"errno":-2,"code":"ENOENT","syscall":"open","path":"/home/trandat/.config/Postman/Postman_Config/proxy","name":"Error","message":"ENOENT: no such file or directory, open '/home/trandat/.config/Postman/Postman_Config/proxy'","stack":"Error: ENOENT: no such file or directory, open '/home/trandat/.config/Postman/Postman_Config/proxy'"}]
[3058][1594808824900][requester][info]["SessionValidation - Registering listener"]
[3058][1594808844225][requester][warn]["APIDevInterface~getAPIForModel: There is no API linked to the model"]
[3353][1594808859852][requester][info]["EventBus~initialize - Success"]
[3353][1594808859855][requester][info]["Messaging~boot - Success"]
[3353][1594808859872][requester][info]["bootCrashReporter~ Success"]
[3353][1594808859876][requester][info]["Telemetry~boot - Success"]
[3353][1594808859878][requester][info]["bootConfigurations~initialize - Success"]
[3353][1594808859881][requester][info]["Settings~boot - Success"]
[3353][1594808860003][requester][info]["bootstrapModels - Success"]
[3353][1594808860004][requester][info]["WLModels~boot - Success"]
[3353][1594808860071][requester][info]["Session~boot - Success"]
[3353][1594808860078][requester][info]["IndependentServices~boot - Success"]
[3353][1594808860114][requester][info]["AppModels~boot - Success"]
[3353][1594808860117][requester][info]["RuntimeListeners~boot- Success"]
[3353][1594808860117][requester][info]["DBWatcher~boot - Success"]
[3353][1594808860120][requester][info]["ThemeManager~boot - Success"]
[3353][1594808860121][requester][info]["Store~boot - Success"]
[3353][1594808860127][requester][info]["Shortcuts~boot - Success"]
[3353][1594808860128][requester][info]["SyncProxy~boot - Success"]
[3353][1594808860153][requester][info]["NewConsole~boot - Success"]
[3353][1594808860160][requester][info]["APIDevInterface~boot - Success"]
[3353][1594808860179][requester][info]["Requester~boot - Success"]
[3353][1594808860180][requester][info]["booted - requester"]
[3353][1594808860235][requester][warn]["CloudProxyHandler: Error while reading proxy configuration from user data - ",{"errno":-2,"code":"ENOENT","syscall":"open","path":"/home/trandat/.config/Postman/Postman_Config/proxy","name":"Error","message":"ENOENT: no such file or directory, open '/home/trandat/.config/Postman/Postman_Config/proxy'","stack":"Error: ENOENT: no such file or directory, open '/home/trandat/.config/Postman/Postman_Config/proxy'"}]
[3353][1594808863298][requester][info]["SessionValidation - Registering listener"]
[3353][1594808915173][requester][warn]["APIDevInterface~getAPIForModel: There is no API linked to the model"]
[3353][1594808924838][requester][warn]["APIDevInterface~getAPIForModel: There is no API linked to the model"]
[15130][1595075238513][requester][info]["EventBus~initialize - Success"]
[15130][1595075238516][requester][info]["Messaging~boot - Success"]
[15130][1595075238529][requester][info]["bootCrashReporter~ Success"]
[15130][1595075238531][requester][info]["Telemetry~boot - Success"]
[15130][1595075238532][requester][info]["bootConfigurations~initialize - Success"]
[15130][1595075238538][requester][info]["Settings~boot - Success"]
[15130][1595075238678][requester][info]["bootstrapModels - Success"]
[15130][1595075238679][requester][info]["WLModels~boot - Success"]
[15130][1595075238732][requester][info]["Session~boot - Success"]
[15130][1595075238738][requester][info]["IndependentServices~boot - Success"]
[15130][1595075238763][requester][info]["AppModels~boot - Success"]
[15130][1595075238763][requester][info]["RuntimeListeners~boot- Success"]
[15130][1595075238764][requester][info]["DBWatcher~boot - Success"]
[15130][1595075238769][requester][info]["ThemeManager~boot - Success"]
[15130][1595075238770][requester][info]["Store~boot - Success"]
[15130][1595075238774][requester][info]["Shortcuts~boot - Success"]
[15130][1595075238775][requester][info]["SyncProxy~boot - Success"]
[15130][1595075238797][requester][info]["NewConsole~boot - Success"]
[15130][1595075238804][requester][info]["APIDevInterface~boot - Success"]
[15130][1595075238819][requester][info]["Requester~boot - Success"]
[15130][1595075238821][requester][info]["booted - requester"]
[15130][1595075238864][requester][warn]["CloudProxyHandler: Error while reading proxy configuration from user data - ",{"errno":-2,"code":"ENOENT","syscall":"open","path":"/home/trandat/.config/Postman/Postman_Config/proxy","name":"Error","message":"ENOENT: no such file or directory, open '/home/trandat/.config/Postman/Postman_Config/proxy'","stack":"Error: ENOENT: no such file or directory, open '/home/trandat/.config/Postman/Postman_Config/proxy'"}]
[15130][1595075241906][requester][info]["SessionValidation - Registering listener"]
[15130][1595075255427][requester][warn]["EntityPermissionHandler: @TODO no target action found for",{"name":"deleteAllInWorkspace","namespace":"history"}]
[15130][1595075899152][requester][warn]["APIDevInterface~getAPIForModel: There is no API linked to the model"]
[15130][1595076011799][requester][warn]["APIDevInterface~getAPIForModel: There is no API linked to the model"]
[15130][1595076045656][requester][warn]["APIDevInterface~getAPIForModel: There is no API linked to the model"]
[15130][1595077156927][requester][warn]["APIDevInterface~getAPIForModel: There is no API linked to the model"]
[20096][1595146012210][requester][info]["EventBus~initialize - Success"]
[20096][1595146012213][requester][info]["Messaging~boot - Success"]
[20096][1595146012226][requester][info]["bootCrashReporter~ Success"]
[20096][1595146012227][requester][info]["Telemetry~boot - Success"]
[20096][1595146012229][requester][info]["bootConfigurations~initialize - Success"]
[20096][1595146012231][requester][info]["Settings~boot - Success"]
[20096][1595146012357][requester][info]["bootstrapModels - Success"]
[20096][1595146012357][requester][info]["WLModels~boot - Success"]
[20096][1595146012410][requester][info]["Session~boot - Success"]
[20096][1595146012416][requester][info]["IndependentServices~boot - Success"]
[20096][1595146012440][requester][info]["AppModels~boot - Success"]
[20096][1595146012441][requester][info]["RuntimeListeners~boot- Success"]
[20096][1595146012441][requester][info]["DBWatcher~boot - Success"]
[20096][1595146012444][requester][info]["ThemeManager~boot - Success"]
[20096][1595146012445][requester][info]["Store~boot - Success"]
[20096][1595146012448][requester][info]["Shortcuts~boot - Success"]
[20096][1595146012449][requester][info]["SyncProxy~boot - Success"]
[20096][1595146012469][requester][info]["NewConsole~boot - Success"]
[20096][1595146012475][requester][info]["APIDevInterface~boot - Success"]
[20096][1595146012490][requester][info]["Requester~boot - Success"]
[20096][1595146012491][requester][info]["booted - requester"]
[20096][1595146012532][requester][warn]["CloudProxyHandler: Error while reading proxy configuration from user data - ",{"errno":-2,"code":"ENOENT","syscall":"open","path":"/home/trandat/.config/Postman/Postman_Config/proxy","name":"Error","message":"ENOENT: no such file or directory, open '/home/trandat/.config/Postman/Postman_Config/proxy'","stack":"Error: ENOENT: no such file or directory, open '/home/trandat/.config/Postman/Postman_Config/proxy'"}]
[20096][1595146015629][requester][info]["SessionValidation - Registering listener"]
[20096][1595146807093][requester][warn]["APIDevInterface~getAPIForModel: There is no API linked to the model"]
[24659][1595500279313][requester][info]["EventBus~initialize - Success"]
[24659][1595500279318][requester][info]["Messaging~boot - Success"]
[24659][1595500279332][requester][info]["bootCrashReporter~ Success"]
[24659][1595500279334][requester][info]["Telemetry~boot - Success"]
[24659][1595500279335][requester][info]["bootConfigurations~initialize - Success"]
[24659][1595500279339][requester][info]["Settings~boot - Success"]
[24659][1595500279454][requester][info]["bootstrapModels - Success"]
[24659][1595500279455][requester][info]["WLModels~boot - Success"]
[24659][1595500279508][requester][info]["Session~boot - Success"]
[24659][1595500279512][requester][info]["IndependentServices~boot - Success"]
[24659][1595500279537][requester][info]["AppModels~boot - Success"]
[24659][1595500279539][requester][info]["RuntimeListeners~boot- Success"]
[24659][1595500279540][requester][info]["DBWatcher~boot - Success"]
[24659][1595500279545][requester][info]["ThemeManager~boot - Success"]
[24659][1595500279545][requester][info]["Store~boot - Success"]
[24659][1595500279549][requester][info]["Shortcuts~boot - Success"]
[24659][1595500279550][requester][info]["SyncProxy~boot - Success"]
[24659][1595500279568][requester][info]["NewConsole~boot - Success"]
[24659][1595500279576][requester][info]["APIDevInterface~boot - Success"]
[24659][1595500279596][requester][info]["Requester~boot - Success"]
[24659][1595500279597][requester][info]["booted - requester"]
[24659][1595500279652][requester][warn]["CloudProxyHandler: Error while reading proxy configuration from user data - ",{"errno":-2,"code":"ENOENT","syscall":"open","path":"/home/trandat/.config/Postman/Postman_Config/proxy","name":"Error","message":"ENOENT: no such file or directory, open '/home/trandat/.config/Postman/Postman_Config/proxy'","stack":"Error: ENOENT: no such file or directory, open '/home/trandat/.config/Postman/Postman_Config/proxy'"}]
[24659][1595500282373][requester][info]["SessionValidation - Registering listener"]
[24659][1595500291599][requester][error]["Error in update flow: {\"code\":\"EACCES\",\"errno\":-13,\"message\":\"EACCES: permission denied, open '/opt/Postman/Postman-1595500290733.tar.gz'\",\"name\":\"Error\",\"path\":\"/opt/Postman/Postman-1595500290733.tar.gz\",\"stack\":\"Error: EACCES: permission denied, open '/opt/Postman/Postman-1595500290733.tar.gz'\",\"syscall\":\"open\"}"]
[24659][1595501288672][requester][warn]["APIDevInterface~getAPIForModel: There is no API linked to the model"]
[62128][1595922101258][requester][info]["EventBus~initialize - Success"]
[62128][1595922101261][requester][info]["Messaging~boot - Success"]
[62128][1595922101275][requester][info]["bootCrashReporter~ Success"]
[62128][1595922101276][requester][info]["Telemetry~boot - Success"]
[62128][1595922101278][requester][info]["bootConfigurations~initialize - Success"]
[62128][1595922101280][requester][info]["Settings~boot - Success"]
[62128][1595922101375][requester][info]["bootstrapModels - Success"]
[62128][1595922101375][requester][info]["WLModels~boot - Success"]
[62128][1595922101427][requester][info]["Session~boot - Success"]
[62128][1595922101432][requester][info]["IndependentServices~boot - Success"]
[62128][1595922101454][requester][info]["AppModels~boot - Success"]
[62128][1595922101455][requester][info]["RuntimeListeners~boot- Success"]
[62128][1595922101455][requester][info]["DBWatcher~boot - Success"]
[62128][1595922101459][requester][info]["ThemeManager~boot - Success"]
[62128][1595922101460][requester][info]["Store~boot - Success"]
[62128][1595922101464][requester][info]["Shortcuts~boot - Success"]
[62128][1595922101465][requester][info]["SyncProxy~boot - Success"]
[62128][1595922101486][requester][info]["NewConsole~boot - Success"]
[62128][1595922101493][requester][info]["APIDevInterface~boot - Success"]
[62128][1595922101511][requester][info]["Requester~boot - Success"]
[62128][1595922101512][requester][info]["booted - requester"]
[62128][1595922101551][requester][warn]["CloudProxyHandler: Error while reading proxy configuration from user data - ",{"errno":-2,"code":"ENOENT","syscall":"open","path":"/home/trandat/.config/Postman/Postman_Config/proxy","name":"Error","message":"ENOENT: no such file or directory, open '/home/trandat/.config/Postman/Postman_Config/proxy'","stack":"Error: ENOENT: no such file or directory, open '/home/trandat/.config/Postman/Postman_Config/proxy'"}]
[62128][1595922104547][requester][info]["SessionValidation - Registering listener"]
[62128][1595922113560][requester][error]["Error in update flow: {\"code\":\"EACCES\",\"errno\":-13,\"message\":\"EACCES: permission denied, open '/opt/Postman/Postman-1595922112405.tar.gz'\",\"name\":\"Error\",\"path\":\"/opt/Postman/Postman-1595922112405.tar.gz\",\"stack\":\"Error: EACCES: permission denied, open '/opt/Postman/Postman-1595922112405.tar.gz'\",\"syscall\":\"open\"}"]
[62128][1595924483213][requester][warn]["APIDevInterface~getAPIForModel: There is no API linked to the model"]
[62128][1595924517833][requester][warn]["APIDevInterface~getAPIForModel: There is no API linked to the model"]
[62128][1595924526798][requester][warn]["APIDevInterface~getAPIForModel: There is no API linked to the model"]
[76438][1595924713913][requester][info]["EventBus~initialize - Success"]
[76438][1595924713917][requester][info]["Messaging~boot - Success"]
[76438][1595924713930][requester][info]["bootCrashReporter~ Success"]
[76438][1595924713932][requester][info]["Telemetry~boot - Success"]
[76438][1595924713933][requester][info]["bootConfigurations~initialize - Success"]
[76438][1595924713936][requester][info]["Settings~boot - Success"]
[76438][1595924714036][requester][info]["bootstrapModels - Success"]
[76438][1595924714037][requester][info]["WLModels~boot - Success"]
[76438][1595924714088][requester][info]["Session~boot - Success"]
[76438][1595924714094][requester][info]["IndependentServices~boot - Success"]
[76438][1595924714119][requester][info]["AppModels~boot - Success"]
[76438][1595924714120][requester][info]["RuntimeListeners~boot- Success"]
[76438][1595924714120][requester][info]["DBWatcher~boot - Success"]
[76438][1595924714126][requester][info]["ThemeManager~boot - Success"]
[76438][1595924714127][requester][info]["Store~boot - Success"]
[76438][1595924714131][requester][info]["Shortcuts~boot - Success"]
[76438][1595924714132][requester][info]["SyncProxy~boot - Success"]
[76438][1595924714151][requester][info]["NewConsole~boot - Success"]
[76438][1595924714157][requester][info]["APIDevInterface~boot - Success"]
[76438][1595924714176][requester][info]["Requester~boot - Success"]
[76438][1595924714177][requester][info]["booted - requester"]
[76438][1595924714217][requester][warn]["CloudProxyHandler: Error while reading proxy configuration from user data - ",{"errno":-2,"code":"ENOENT","syscall":"open","path":"/home/trandat/.config/Postman/Postman_Config/proxy","name":"Error","message":"ENOENT: no such file or directory, open '/home/trandat/.config/Postman/Postman_Config/proxy'","stack":"Error: ENOENT: no such file or directory, open '/home/trandat/.config/Postman/Postman_Config/proxy'"}]
[76438][1595924717095][requester][info]["SessionValidation - Registering listener"]
[76438][1595924720183][requester][warn]["APIDevInterface~getAPIForModel: There is no API linked to the model"]
[76438][1595924725999][requester][error]["Error in update flow: {\"code\":\"EACCES\",\"errno\":-13,\"message\":\"EACCES: permission denied, open '/opt/Postman/Postman-1595924725178.tar.gz'\",\"name\":\"Error\",\"path\":\"/opt/Postman/Postman-1595924725178.tar.gz\",\"stack\":\"Error: EACCES: permission denied, open '/opt/Postman/Postman-1595924725178.tar.gz'\",\"syscall\":\"open\"}"]
[20104][1596006572679][requester][info]["EventBus~initialize - Success"]
[20104][1596006572682][requester][info]["Messaging~boot - Success"]
[20104][1596006572696][requester][info]["bootCrashReporter~ Success"]
[20104][1596006572698][requester][info]["Telemetry~boot - Success"]
[20104][1596006572699][requester][info]["bootConfigurations~initialize - Success"]
[20104][1596006572702][requester][info]["Settings~boot - Success"]
[20104][1596006572804][requester][info]["bootstrapModels - Success"]
[20104][1596006572805][requester][info]["WLModels~boot - Success"]
[20104][1596006572850][requester][info]["Session~boot - Success"]
[20104][1596006572855][requester][info]["IndependentServices~boot - Success"]
[20104][1596006572881][requester][info]["AppModels~boot - Success"]
[20104][1596006572881][requester][info]["RuntimeListeners~boot- Success"]
[20104][1596006572882][requester][info]["DBWatcher~boot - Success"]
[20104][1596006572886][requester][info]["ThemeManager~boot - Success"]
[20104][1596006572888][requester][info]["Store~boot - Success"]
[20104][1596006572894][requester][info]["Shortcuts~boot - Success"]
[20104][1596006572895][requester][info]["SyncProxy~boot - Success"]
[20104][1596006572922][requester][info]["NewConsole~boot - Success"]
[20104][1596006572929][requester][info]["APIDevInterface~boot - Success"]
[20104][1596006572947][requester][info]["Requester~boot - Success"]
[20104][1596006572948][requester][info]["booted - requester"]
[20104][1596006573005][requester][warn]["CloudProxyHandler: Error while reading proxy configuration from user data - ",{"errno":-2,"code":"ENOENT","syscall":"open","path":"/home/trandat/.config/Postman/Postman_Config/proxy","name":"Error","message":"ENOENT: no such file or directory, open '/home/trandat/.config/Postman/Postman_Config/proxy'","stack":"Error: ENOENT: no such file or directory, open '/home/trandat/.config/Postman/Postman_Config/proxy'"}]
[20104][1596006575947][requester][info]["SessionValidation - Registering listener"]
[20104][1596006584819][requester][error]["Error in update flow: {\"code\":\"EACCES\",\"errno\":-13,\"message\":\"EACCES: permission denied, open '/opt/Postman/Postman-1596006583988.tar.gz'\",\"name\":\"Error\",\"path\":\"/opt/Postman/Postman-1596006583988.tar.gz\",\"stack\":\"Error: EACCES: permission denied, open '/opt/Postman/Postman-1596006583988.tar.gz'\",\"syscall\":\"open\"}"]
[20104][1596006660589][requester][warn]["APIDevInterface~getAPIForModel: There is no API linked to the model"]
[20104][1596006661641][requester][warn]["APIDevInterface~getAPIForModel: There is no API linked to the model"]
[20104][1596006837473][requester][warn]["APIDevInterface~getAPIForModel: There is no API linked to the model"]
[20104][1596006955834][requester][warn]["APIDevInterface~getAPIForModel: There is no API linked to the model"]
[20104][1596007101621][requester][warn]["APIDevInterface~getAPIForModel: There is no API linked to the model"]
[20104][1596007186885][requester][warn]["APIDevInterface~getAPIForModel: There is no API linked to the model"]
[20104][1596007220837][requester][warn]["APIDevInterface~getAPIForModel: There is no API linked to the model"]
[20104][1596007295739][requester][warn]["APIDevInterface~getAPIForModel: There is no API linked to the model"]
[20104][1596007374153][requester][warn]["APIDevInterface~getAPIForModel: There is no API linked to the model"]
[20104][1596007438164][requester][warn]["APIDevInterface~getAPIForModel: There is no API linked to the model"]
[20104][1596008176922][requester][warn]["APIDevInterface~getAPIForModel: There is no API linked to the model"]
[20104][1596008198966][requester][warn]["APIDevInterface~getAPIForModel: There is no API linked to the model"]
[20104][1596008206626][requester][warn]["APIDevInterface~getAPIForModel: There is no API linked to the model"]
[20104][1596008230389][requester][warn]["APIDevInterface~getAPIForModel: There is no API linked to the model"]
[20104][1596008269186][requester][warn]["APIDevInterface~getAPIForModel: There is no API linked to the model"]
[20104][1596008344482][requester][warn]["APIDevInterface~getAPIForModel: There is no API linked to the model"]
[20104][1596008470773][requester][warn]["APIDevInterface~getAPIForModel: There is no API linked to the model"]
[20104][1596008723720][requester][warn]["APIDevInterface~getAPIForModel: There is no API linked to the model"]
[20104][1596008766443][requester][warn]["APIDevInterface~getAPIForModel: There is no API linked to the model"]
[20104][1596008768400][requester][warn]["APIDevInterface~getAPIForModel: There is no API linked to the model"]
[20104][1596008770856][requester][warn]["APIDevInterface~getAPIForModel: There is no API linked to the model"]
[20104][1596008777798][requester][warn]["APIDevInterface~getAPIForModel: There is no API linked to the model"]
[20104][1596009024725][requester][warn]["APIDevInterface~getAPIForModel: There is no API linked to the model"]
[4165][1596015682425][requester][info]["EventBus~initialize - Success"]
[4165][1596015682428][requester][info]["Messaging~boot - Success"]
[4165][1596015682441][requester][info]["bootCrashReporter~ Success"]
[4165][1596015682443][requester][info]["Telemetry~boot - Success"]
[4165][1596015682445][requester][info]["bootConfigurations~initialize - Success"]
[4165][1596015682447][requester][info]["Settings~boot - Success"]
[4165][1596015682542][requester][info]["bootstrapModels - Success"]
[4165][1596015682542][requester][info]["WLModels~boot - Success"]
[4165][1596015682595][requester][info]["Session~boot - Success"]
[4165][1596015682601][requester][info]["IndependentServices~boot - Success"]
[4165][1596015682626][requester][info]["AppModels~boot - Success"]
[4165][1596015682627][requester][info]["RuntimeListeners~boot- Success"]
[4165][1596015682628][requester][info]["DBWatcher~boot - Success"]
[4165][1596015682632][requester][info]["ThemeManager~boot - Success"]
[4165][1596015682634][requester][info]["Store~boot - Success"]
[4165][1596015682638][requester][info]["Shortcuts~boot - Success"]
[4165][1596015682639][requester][info]["SyncProxy~boot - Success"]
[4165][1596015682664][requester][info]["NewConsole~boot - Success"]
[4165][1596015682674][requester][info]["APIDevInterface~boot - Success"]
[4165][1596015682690][requester][info]["Requester~boot - Success"]
[4165][1596015682691][requester][info]["booted - requester"]
[4165][1596015682731][requester][warn]["CloudProxyHandler: Error while reading proxy configuration from user data - ",{"errno":-2,"code":"ENOENT","syscall":"open","path":"/home/trandat/.config/Postman/Postman_Config/proxy","name":"Error","message":"ENOENT: no such file or directory, open '/home/trandat/.config/Postman/Postman_Config/proxy'","stack":"Error: ENOENT: no such file or directory, open '/home/trandat/.config/Postman/Postman_Config/proxy'"}]
[4165][1596015685507][requester][info]["SessionValidation - Registering listener"]
[4165][1596015695787][requester][error]["Error in update flow: {\"code\":\"EACCES\",\"errno\":-13,\"message\":\"EACCES: permission denied, open '/opt/Postman/Postman-1596015694621.tar.gz'\",\"name\":\"Error\",\"path\":\"/opt/Postman/Postman-1596015694621.tar.gz\",\"stack\":\"Error: EACCES: permission denied, open '/opt/Postman/Postman-1596015694621.tar.gz'\",\"syscall\":\"open\"}"]
[4165][1596015787323][requester][warn]["APIDevInterface~getAPIForModel: There is no API linked to the model"]
[4165][1596015808264][requester][warn]["APIDevInterface~getAPIForModel: There is no API linked to the model"]
[4165][1596015976311][requester][warn]["APIDevInterface~getAPIForModel: There is no API linked to the model"]
