[2020-07-11 16:12:21.389] [renderer1] [error] Bad progress location: openapiThreePathOutline: Error: Bad progress location: openapiThreePathOutline
    at e.withProgress (file:///usr/share/code/resources/app/out/vs/workbench/workbench.desktop.main.js:5678:875)
    at j.withProgress (file:///usr/share/code/resources/app/out/vs/workbench/workbench.desktop.main.js:6348:734)
    at j.getChildren (file:///usr/share/code/resources/app/out/vs/workbench/workbench.desktop.main.js:6354:150)
    at file:///usr/share/code/resources/app/out/vs/workbench/workbench.desktop.main.js:1126:528
    at Object.a [as createCancelablePromise] (file:///usr/share/code/resources/app/out/vs/workbench/workbench.desktop.main.js:125:485)
    at U.doGetChildren (file:///usr/share/code/resources/app/out/vs/workbench/workbench.desktop.main.js:1126:464)
    at U.doRefreshNode (file:///usr/share/code/resources/app/out/vs/workbench/workbench.desktop.main.js:1126:80)
    at U.doRefreshSubTree (file:///usr/share/code/resources/app/out/vs/workbench/workbench.desktop.main.js:1125:786)
    at file:///usr/share/code/resources/app/out/vs/workbench/workbench.desktop.main.js:1125:850
    at Array.map (<anonymous>)
    at U.doRefreshSubTree (file:///usr/share/code/resources/app/out/vs/workbench/workbench.desktop.main.js:1125:838)
    at runMicrotasks (<anonymous>)
    at processTicksAndRejections (internal/process/task_queues.js:85:5)
    at async U.refreshAndRenderNode (file:///usr/share/code/resources/app/out/vs/workbench/workbench.desktop.main.js:1125:287)
    at async U._updateChildren (file:///usr/share/code/resources/app/out/vs/workbench/workbench.desktop.main.js:1122:464)
    at async U.updateChildren (file:///usr/share/code/resources/app/out/vs/workbench/workbench.desktop.main.js:1122:152)
    at async Promise.all (index 0)
    at async e.doRefresh (file:///usr/share/code/resources/app/out/vs/workbench/workbench.desktop.main.js:6353:39)
[2020-07-11 19:18:25.636] [renderer1] [error] Bad progress location: openapiThreePathOutline: Error: Bad progress location: openapiThreePathOutline
    at e.withProgress (file:///usr/share/code/resources/app/out/vs/workbench/workbench.desktop.main.js:5678:875)
    at j.withProgress (file:///usr/share/code/resources/app/out/vs/workbench/workbench.desktop.main.js:6348:734)
    at j.getChildren (file:///usr/share/code/resources/app/out/vs/workbench/workbench.desktop.main.js:6354:150)
    at file:///usr/share/code/resources/app/out/vs/workbench/workbench.desktop.main.js:1126:528
    at Object.a [as createCancelablePromise] (file:///usr/share/code/resources/app/out/vs/workbench/workbench.desktop.main.js:125:485)
    at U.doGetChildren (file:///usr/share/code/resources/app/out/vs/workbench/workbench.desktop.main.js:1126:464)
    at U.doRefreshNode (file:///usr/share/code/resources/app/out/vs/workbench/workbench.desktop.main.js:1126:80)
    at U.doRefreshSubTree (file:///usr/share/code/resources/app/out/vs/workbench/workbench.desktop.main.js:1125:786)
    at file:///usr/share/code/resources/app/out/vs/workbench/workbench.desktop.main.js:1125:850
    at Array.map (<anonymous>)
    at U.doRefreshSubTree (file:///usr/share/code/resources/app/out/vs/workbench/workbench.desktop.main.js:1125:838)
    at runMicrotasks (<anonymous>)
    at processTicksAndRejections (internal/process/task_queues.js:85:5)
    at async U.refreshAndRenderNode (file:///usr/share/code/resources/app/out/vs/workbench/workbench.desktop.main.js:1125:287)
    at async U._updateChildren (file:///usr/share/code/resources/app/out/vs/workbench/workbench.desktop.main.js:1122:464)
    at async U.updateChildren (file:///usr/share/code/resources/app/out/vs/workbench/workbench.desktop.main.js:1122:152)
    at async Promise.all (index 0)
    at async e.doRefresh (file:///usr/share/code/resources/app/out/vs/workbench/workbench.desktop.main.js:6353:39)
[2020-07-11 19:18:31.618] [renderer1] [error] Bad progress location: openapiThreePathOutline: Error: Bad progress location: openapiThreePathOutline
    at e.withProgress (file:///usr/share/code/resources/app/out/vs/workbench/workbench.desktop.main.js:5678:875)
    at j.withProgress (file:///usr/share/code/resources/app/out/vs/workbench/workbench.desktop.main.js:6348:734)
    at j.getChildren (file:///usr/share/code/resources/app/out/vs/workbench/workbench.desktop.main.js:6354:150)
    at file:///usr/share/code/resources/app/out/vs/workbench/workbench.desktop.main.js:1126:528
    at Object.a [as createCancelablePromise] (file:///usr/share/code/resources/app/out/vs/workbench/workbench.desktop.main.js:125:485)
    at U.doGetChildren (file:///usr/share/code/resources/app/out/vs/workbench/workbench.desktop.main.js:1126:464)
    at U.doRefreshNode (file:///usr/share/code/resources/app/out/vs/workbench/workbench.desktop.main.js:1126:80)
    at U.doRefreshSubTree (file:///usr/share/code/resources/app/out/vs/workbench/workbench.desktop.main.js:1125:786)
    at file:///usr/share/code/resources/app/out/vs/workbench/workbench.desktop.main.js:1125:850
    at Array.map (<anonymous>)
    at U.doRefreshSubTree (file:///usr/share/code/resources/app/out/vs/workbench/workbench.desktop.main.js:1125:838)
    at runMicrotasks (<anonymous>)
    at processTicksAndRejections (internal/process/task_queues.js:85:5)
    at async U.refreshAndRenderNode (file:///usr/share/code/resources/app/out/vs/workbench/workbench.desktop.main.js:1125:287)
    at async U._updateChildren (file:///usr/share/code/resources/app/out/vs/workbench/workbench.desktop.main.js:1122:464)
    at async U.updateChildren (file:///usr/share/code/resources/app/out/vs/workbench/workbench.desktop.main.js:1122:152)
    at async Promise.all (index 0)
    at async e.doRefresh (file:///usr/share/code/resources/app/out/vs/workbench/workbench.desktop.main.js:6353:39)
[2020-07-11 19:18:34.051] [renderer1] [error] Bad progress location: openapiThreePathOutline: Error: Bad progress location: openapiThreePathOutline
    at e.withProgress (file:///usr/share/code/resources/app/out/vs/workbench/workbench.desktop.main.js:5678:875)
    at j.withProgress (file:///usr/share/code/resources/app/out/vs/workbench/workbench.desktop.main.js:6348:734)
    at j.getChildren (file:///usr/share/code/resources/app/out/vs/workbench/workbench.desktop.main.js:6354:150)
    at file:///usr/share/code/resources/app/out/vs/workbench/workbench.desktop.main.js:1126:528
    at Object.a [as createCancelablePromise] (file:///usr/share/code/resources/app/out/vs/workbench/workbench.desktop.main.js:125:485)
    at U.doGetChildren (file:///usr/share/code/resources/app/out/vs/workbench/workbench.desktop.main.js:1126:464)
    at U.doRefreshNode (file:///usr/share/code/resources/app/out/vs/workbench/workbench.desktop.main.js:1126:80)
    at U.doRefreshSubTree (file:///usr/share/code/resources/app/out/vs/workbench/workbench.desktop.main.js:1125:786)
    at file:///usr/share/code/resources/app/out/vs/workbench/workbench.desktop.main.js:1125:850
    at Array.map (<anonymous>)
    at U.doRefreshSubTree (file:///usr/share/code/resources/app/out/vs/workbench/workbench.desktop.main.js:1125:838)
    at runMicrotasks (<anonymous>)
    at processTicksAndRejections (internal/process/task_queues.js:85:5)
    at async U.refreshAndRenderNode (file:///usr/share/code/resources/app/out/vs/workbench/workbench.desktop.main.js:1125:287)
    at async U._updateChildren (file:///usr/share/code/resources/app/out/vs/workbench/workbench.desktop.main.js:1122:464)
    at async U.updateChildren (file:///usr/share/code/resources/app/out/vs/workbench/workbench.desktop.main.js:1122:152)
    at async Promise.all (index 0)
    at async e.doRefresh (file:///usr/share/code/resources/app/out/vs/workbench/workbench.desktop.main.js:6353:39)
