[2020-07-11 11:48:29.488] [exthost] [info] extension host started
[2020-07-11 11:48:29.972] [exthost] [info] ExtensionService#_doActivateExtension vscode.typescript-language-features {"startup":false,"extensionId":{"value":"vscode.typescript-language-features","_lower":"vscode.typescript-language-features"},"activationEvent":"onLanguage:javascript"}
[2020-07-11 11:48:29.984] [exthost] [info] ExtensionService#loadCommonJSModule file:///usr/share/code/resources/app/extensions/typescript-language-features/dist/extension
[2020-07-11 11:48:30.197] [exthost] [info] ExtensionService#_doActivateExtension VisualStudioExptTeam.vscodeintellicode {"startup":false,"extensionId":{"value":"VisualStudioExptTeam.vscodeintellicode","_lower":"visualstudioexptteam.vscodeintellicode"},"activationEvent":"onLanguage:javascript"}
[2020-07-11 11:48:30.201] [exthost] [info] ExtensionService#loadCommonJSModule file:///home/trandat/.vscode/extensions/visualstudioexptteam.vscodeintellicode-1.2.9/dist/intellicode
[2020-07-11 11:48:30.446] [exthost] [info] ExtensionService#_doActivateExtension vscode.debug-auto-launch {"startup":true,"extensionId":{"value":"vscode.debug-auto-launch","_lower":"vscode.debug-auto-launch"},"activationEvent":"*"}
[2020-07-11 11:48:30.447] [exthost] [info] ExtensionService#loadCommonJSModule file:///usr/share/code/resources/app/extensions/debug-auto-launch/dist/extension
[2020-07-11 11:48:30.451] [exthost] [info] ExtensionService#_doActivateExtension vscode.emmet {"startup":true,"extensionId":{"value":"vscode.emmet","_lower":"vscode.emmet"},"activationEvent":"*"}
[2020-07-11 11:48:30.451] [exthost] [info] ExtensionService#loadCommonJSModule file:///usr/share/code/resources/app/extensions/emmet/dist/extension
[2020-07-11 11:48:30.491] [exthost] [info] ExtensionService#_doActivateExtension vscode.git {"startup":true,"extensionId":{"value":"vscode.github","_lower":"vscode.github"},"activationEvent":"*"}
[2020-07-11 11:48:30.491] [exthost] [info] ExtensionService#loadCommonJSModule file:///usr/share/code/resources/app/extensions/git/dist/main
[2020-07-11 11:48:30.885] [exthost] [info] ExtensionService#_doActivateExtension vscode.github-authentication {"startup":true,"extensionId":{"value":"vscode.github-authentication","_lower":"vscode.github-authentication"},"activationEvent":"*"}
[2020-07-11 11:48:30.889] [exthost] [info] ExtensionService#loadCommonJSModule file:///usr/share/code/resources/app/extensions/github-authentication/dist/extension.js
[2020-07-11 11:48:31.014] [exthost] [info] ExtensionService#_doActivateExtension vscode.merge-conflict {"startup":true,"extensionId":{"value":"vscode.merge-conflict","_lower":"vscode.merge-conflict"},"activationEvent":"*"}
[2020-07-11 11:48:31.017] [exthost] [info] ExtensionService#loadCommonJSModule file:///usr/share/code/resources/app/extensions/merge-conflict/dist/extension
[2020-07-11 11:48:31.034] [exthost] [info] ExtensionService#_doActivateExtension vscode.microsoft-authentication {"startup":true,"extensionId":{"value":"vscode.microsoft-authentication","_lower":"vscode.microsoft-authentication"},"activationEvent":"*"}
[2020-07-11 11:48:31.034] [exthost] [info] ExtensionService#loadCommonJSModule file:///usr/share/code/resources/app/extensions/microsoft-authentication/dist/extension.js
[2020-07-11 11:48:31.153] [exthost] [info] ExtensionService#_doActivateExtension vscode.search-result {"startup":true,"extensionId":{"value":"vscode.search-result","_lower":"vscode.search-result"},"activationEvent":"*"}
[2020-07-11 11:48:31.154] [exthost] [info] ExtensionService#loadCommonJSModule file:///usr/share/code/resources/app/extensions/search-result/dist/extension.js
[2020-07-11 11:48:31.158] [exthost] [info] ExtensionService#_doActivateExtension redhat.vscode-yaml {"startup":true,"extensionId":{"value":"42Crunch.vscode-openapi","_lower":"42crunch.vscode-openapi"},"activationEvent":"*"}
[2020-07-11 11:48:31.158] [exthost] [info] ExtensionService#loadCommonJSModule file:///home/trandat/.vscode/extensions/redhat.vscode-yaml-0.8.0/out/src/extension
[2020-07-11 11:48:31.462] [exthost] [info] ExtensionService#_doActivateExtension CoenraadS.bracket-pair-colorizer {"startup":true,"extensionId":{"value":"CoenraadS.bracket-pair-colorizer","_lower":"coenraads.bracket-pair-colorizer"},"activationEvent":"*"}
[2020-07-11 11:48:31.471] [exthost] [info] ExtensionService#loadCommonJSModule file:///home/trandat/.vscode/extensions/coenraads.bracket-pair-colorizer-1.0.61/out/src/extension
[2020-07-11 11:48:31.591] [exthost] [info] ExtensionService#_doActivateExtension eamodio.gitlens {"startup":true,"extensionId":{"value":"eamodio.gitlens","_lower":"eamodio.gitlens"},"activationEvent":"*"}
[2020-07-11 11:48:31.591] [exthost] [info] ExtensionService#loadCommonJSModule file:///home/trandat/.vscode/extensions/eamodio.gitlens-10.2.2/dist/extension
[2020-07-11 11:48:31.837] [exthost] [info] ExtensionService#_doActivateExtension Equinusocio.vsc-material-theme {"startup":true,"extensionId":{"value":"Equinusocio.vsc-material-theme","_lower":"equinusocio.vsc-material-theme"},"activationEvent":"*"}
[2020-07-11 11:48:31.837] [exthost] [info] ExtensionService#loadCommonJSModule file:///home/trandat/.vscode/extensions/equinusocio.vsc-material-theme-32.8.0/build/material.theme.config
[2020-07-11 11:48:31.853] [exthost] [info] ExtensionService#_doActivateExtension equinusocio.vsc-material-theme-icons {"startup":true,"extensionId":{"value":"equinusocio.vsc-material-theme-icons","_lower":"equinusocio.vsc-material-theme-icons"},"activationEvent":"*"}
[2020-07-11 11:48:31.853] [exthost] [info] ExtensionService#loadCommonJSModule file:///home/trandat/.vscode/extensions/equinusocio.vsc-material-theme-icons-1.1.4/out/src/extension
[2020-07-11 11:48:31.881] [exthost] [info] ExtensionService#_doActivateExtension PKief.material-icon-theme {"startup":true,"extensionId":{"value":"PKief.material-icon-theme","_lower":"pkief.material-icon-theme"},"activationEvent":"*"}
[2020-07-11 11:48:31.881] [exthost] [info] ExtensionService#loadCommonJSModule file:///home/trandat/.vscode/extensions/pkief.material-icon-theme-4.2.0/dist/extension
[2020-07-11 11:48:31.917] [exthost] [info] ExtensionService#_doActivateExtension ritwickdey.LiveServer {"startup":true,"extensionId":{"value":"ritwickdey.LiveServer","_lower":"ritwickdey.liveserver"},"activationEvent":"*"}
[2020-07-11 11:48:31.917] [exthost] [info] ExtensionService#loadCommonJSModule file:///home/trandat/.vscode/extensions/ritwickdey.liveserver-5.6.1/out/src/extension
[2020-07-11 11:48:33.179] [exthost] [info] ExtensionService#_doActivateExtension Shan.code-settings-sync {"startup":true,"extensionId":{"value":"Shan.code-settings-sync","_lower":"shan.code-settings-sync"},"activationEvent":"*"}
[2020-07-11 11:48:33.179] [exthost] [info] ExtensionService#loadCommonJSModule file:///home/trandat/.vscode/extensions/shan.code-settings-sync-3.4.3/out/extension.js
[2020-07-11 11:48:33.314] [exthost] [info] ExtensionService#_doActivateExtension vscode-icons-team.vscode-icons {"startup":true,"extensionId":{"value":"vscode-icons-team.vscode-icons","_lower":"vscode-icons-team.vscode-icons"},"activationEvent":"*"}
[2020-07-11 11:48:33.314] [exthost] [info] ExtensionService#loadCommonJSModule file:///home/trandat/.vscode/extensions/vscode-icons-team.vscode-icons-10.1.1/dist/src/vscode-icons.bundle.js
[2020-07-11 11:48:43.876] [exthost] [info] ExtensionService#_doActivateExtension vscode.github {"startup":true,"extensionId":{"value":"vscode.github","_lower":"vscode.github"},"activationEvent":"*"}
[2020-07-11 11:48:43.877] [exthost] [info] ExtensionService#loadCommonJSModule file:///usr/share/code/resources/app/extensions/github/dist/extension.js
[2020-07-11 11:48:43.935] [exthost] [info] ExtensionService#_doActivateExtension 42Crunch.vscode-openapi {"startup":true,"extensionId":{"value":"42Crunch.vscode-openapi","_lower":"42crunch.vscode-openapi"},"activationEvent":"*"}
[2020-07-11 11:48:43.935] [exthost] [info] ExtensionService#loadCommonJSModule file:///home/trandat/.vscode/extensions/42crunch.vscode-openapi-3.4.0/out/extension
[2020-07-11 11:48:44.633] [exthost] [info] eager extensions activated
[2020-07-11 11:51:08.671] [exthost] [info] ExtensionService#_doActivateExtension vscode.configuration-editing {"startup":false,"extensionId":{"value":"vscode.configuration-editing","_lower":"vscode.configuration-editing"},"activationEvent":"onLanguage:jsonc"}
[2020-07-11 11:51:08.672] [exthost] [info] ExtensionService#loadCommonJSModule file:///usr/share/code/resources/app/extensions/configuration-editing/dist/extension
[2020-07-11 11:51:08.699] [exthost] [info] ExtensionService#_doActivateExtension vscode.json-language-features {"startup":false,"extensionId":{"value":"vscode.json-language-features","_lower":"vscode.json-language-features"},"activationEvent":"onLanguage:jsonc"}
[2020-07-11 11:51:08.699] [exthost] [info] ExtensionService#loadCommonJSModule file:///usr/share/code/resources/app/extensions/json-language-features/client/dist/jsonMain
